<html>
<body>
<pre>
<h1>Vision Build Log</h1>
<h2>Project:</h2>
C:\Documents and Settings\dsc\桌面\Aircraft\IMU_AHRS.uvproj
Project File Date:  08/17/2013

<h2>Output:</h2>
Build target 'IMU_AHRS'
compiling system_stm32f10x.c...
compiling main.c...
compiling stm32f10x_it.c...
User_Src\stm32f10x_it.c(140): warning:  #9-D: nested comment is not allowed
compiling misc.c...
compiling stm32f10x_gpio.c...
compiling stm32f10x_rcc.c...
compiling stm32f10x_tim.c...
compiling stm32f10x_usart.c...
compiling stm32f10x_flash.c...
compiling HMC5883L.c...
compiling bsp.c...
compiling time.c...
compiling LED.c...
compiling eeprom.c...
compiling MotorDriver.c...
compiling i2c.c...
compiling mpu6050.c...
compiling calc.c...
compiling sensor.c...
compiling attitude.c...
linking...
Program Size: Code=14932 RO-data=524 RW-data=144 ZI-data=1984  
FromELF: creating hex file...
".\Output\IMU_AHRS.axf" - 0 Error(s), 1 Warning(s).
Load "C:\\Documents and Settings\\dsc\\桌面\\Aircraft\\Output\\IMU_AHRS.AXF" 
* JLink Info: Device "STM32F103T8" selected (64 KB flash, 20 KB RAM).
Set JLink Project File to "C:\Documents and Settings\dsc\桌面\Aircraft\JLinkSettings.ini"
 
JLink info:
------------
DLL: V4.35b, compiled Sep  2 2011 18:34:46
Firmware: J-Link ARM V8 compiled Jul 17 2013 11:24:15
Hardware: V8.00
S/N : 20100213 
Feature(s) : RDI,FlashDL,FlashBP,JFlash,GDBFULL 
 
* JLink Info: Found SWD-DP with ID 0x1BA01477
* JLink Info: TPIU fitted.
* JLink Info:   FPUnit: 6 code (BP) slots and 2 literal slots
* JLink Info: Found Cortex-M3 r1p1, Little endian.
ROMTableAddr = 0xE00FF003
* JLink Info: Found SWD-DP with ID 0x1BA01477
* JLink Info: TPIU fitted.
* JLink Info:   FPUnit: 6 code (BP) slots and 2 literal slots
* JLink Info: Found Cortex-M3 r1p1, Little endian.
 
Target info:
------------
Device: STM32F103T8
VTarget = 3.351V
State of Pins: 
TCK: 0, TDI: 0, TDO: 0, TMS: 1, TRES: 1, TRST: 0
Hardware-Breakpoints: 6
Software-Breakpoints: 8192
Watchpoints:          4
JTAG speed: 4000 kHz
 
Erase Done.
Programming Done.
Verify OK.
* JLink Info: Found SWD-DP with ID 0x1BA01477
* JLink Info: TPIU fitted.
* JLink Info:   FPUnit: 6 code (BP) slots and 2 literal slots
* JLink Info: Found Cortex-M3 r1p1, Little endian.
Application running ...
compiling inv_mpu.c...
eMPL\inv_mpu.c(27): error:  #5: cannot open source input file "STM32_I2C.h": No such file or directory
eMPL\inv_mpu.c - 1 Error(s), 0 Warning(s).
compiling inv_mpu.c...
eMPL\inv_mpu.c(705): warning:  #223-D: function "i2cwrite" declared implicitly
eMPL\inv_mpu.c(717): warning:  #223-D: function "i2cwrite" declared implicitly
eMPL\inv_mpu.c(736): warning:  #223-D: function "i2cread" declared implicitly
eMPL\inv_mpu.c(756): warning:  #223-D: function "i2cread" declared implicitly
eMPL\inv_mpu.c(778): warning:  #223-D: function "i2cwrite" declared implicitly
eMPL\inv_mpu.c(784): warning:  #223-D: function "i2cwrite" declared implicitly
eMPL\inv_mpu.c(789): warning:  #223-D: function "i2cread" declared implicitly
eMPL\inv_mpu.c(801): warning:  #223-D: function "PrintChar" declared implicitly
eMPL\inv_mpu.c(805): warning:  #223-D: function "i2cread" declared implicitly
eMPL\inv_mpu.c(809): warning:  #223-D: function "PrintChar" declared implicitly
eMPL\inv_mpu.c(813): warning:  #223-D: function "PrintChar" declared implicitly
eMPL\inv_mpu.c(914): warning:  #223-D: function "i2cwrite" declared implicitly
eMPL\inv_mpu.c(943): warning:  #223-D: function "i2cwrite" declared implicitly
eMPL\inv_mpu.c(994): warning:  #223-D: function "i2cread" declared implicitly
eMPL\inv_mpu.c(1000): warning:  #223-D: function "get_ms" declared implicitly
eMPL\inv_mpu.c(1017): warning:  #223-D: function "i2cread" declared implicitly
eMPL\inv_mpu.c(1023): warning:  #223-D: function "get_ms" declared implicitly
eMPL\inv_mpu.c(1041): warning:  #223-D: function "i2cread" declared implicitly
eMPL\inv_mpu.c(1045): warning:  #223-D: function "get_ms" declared implicitly
eMPL\inv_mpu.c(1070): warning:  #223-D: function "i2cread" declared implicitly
eMPL\inv_mpu.c(1080): warning:  #223-D: function "i2cread" declared implicitly
eMPL\inv_mpu.c(1098): warning:  #223-D: function "i2cwrite" declared implicitly
eMPL\inv_mpu.c(1115): warning:  #223-D: function "i2cwrite" declared implicitly
eMPL\inv_mpu.c(1117): warning:  #223-D: function "i2cwrite" declared implicitly
eMPL\inv_mpu.c(1119): warning:  #223-D: function "i2cwrite" declared implicitly
eMPL\inv_mpu.c(1124): warning:  #223-D: function "i2cwrite" declared implicitly
eMPL\inv_mpu.c(1130): warning:  #223-D: function "i2cwrite" declared implicitly
eMPL\inv_mpu.c(1136): warning:  #223-D: function "i2cwrite" declared implicitly
eMPL\inv_mpu.c(1139): warning:  #223-D: function "i2cwrite" declared implicitly
eMPL\inv_mpu.c(1143): warning:  #223-D: function "i2cwrite" declared implicitly
eMPL\inv_mpu.c(1149): warning:  #223-D: function "i2cwrite" declared implicitly
eMPL\inv_mpu.c(1156): warning:  #223-D: function "i2cwrite" declared implicitly
eMPL\inv_mpu.c(1158): warning:  #223-D: function "i2cwrite" declared implicitly
eMPL\inv_mpu.c(1222): warning:  #223-D: function "i2cwrite" declared implicitly
eMPL\inv_mpu.c(1287): warning:  #223-D: function "i2cwrite" declared implicitly
eMPL\inv_mpu.c(1356): warning:  #223-D: function "i2cwrite" declared implicitly
eMPL\inv_mpu.c(1409): warning:  #223-D: function "i2cwrite" declared implicitly
eMPL\inv_mpu.c(1620): warning:  #223-D: function "i2cwrite" declared implicitly
eMPL\inv_mpu.c(1635): warning:  #223-D: function "i2cwrite" declared implicitly
eMPL\inv_mpu.c(1689): warning:  #223-D: function "i2cread" declared implicitly
eMPL\inv_mpu.c(1739): warning:  #223-D: function "i2cread" declared implicitly
eMPL\inv_mpu.c(1747): warning:  #223-D: function "i2cread" declared implicitly
eMPL\inv_mpu.c(1754): warning:  #223-D: function "get_ms" declared implicitly
eMPL\inv_mpu.c(1756): warning:  #223-D: function "i2cread" declared implicitly
eMPL\inv_mpu.c(1804): warning:  #223-D: function "i2cread" declared implicitly
eMPL\inv_mpu.c(1813): warning:  #223-D: function "i2cread" declared implicitly
eMPL\inv_mpu.c(1821): warning:  #223-D: function "i2cread" declared implicitly
eMPL\inv_mpu.c(1840): warning:  #223-D: function "i2cread" declared implicitly
eMPL\inv_mpu.c(1843): warning:  #223-D: function "i2cwrite" declared implicitly
eMPL\inv_mpu.c(1851): warning:  #223-D: function "i2cwrite" declared implicitly
eMPL\inv_mpu.c(1855): warning:  #223-D: function "i2cread" declared implicitly
eMPL\inv_mpu.c(1861): warning:  #223-D: function "i2cwrite" declared implicitly
eMPL\inv_mpu.c(1870): warning:  #223-D: function "i2cwrite" declared implicitly
eMPL\inv_mpu.c(1908): warning:  #223-D: function "i2cwrite" declared implicitly
eMPL\inv_mpu.c(1919): warning:  #223-D: function "i2cread" declared implicitly
eMPL\inv_mpu.c(1966): warning:  #223-D: function "i2cread" declared implicitly
eMPL\inv_mpu.c(2052): warning:  #223-D: function "i2cwrite" declared implicitly
eMPL\inv_mpu.c(2056): warning:  #223-D: function "i2cwrite" declared implicitly
eMPL\inv_mpu.c(2058): warning:  #223-D: function "i2cwrite" declared implicitly
eMPL\inv_mpu.c(2060): warning:  #223-D: function "i2cwrite" declared implicitly
eMPL\inv_mpu.c(2062): warning:  #223-D: function "i2cwrite" declared implicitly
eMPL\inv_mpu.c(2064): warning:  #223-D: function "i2cwrite" declared implicitly
eMPL\inv_mpu.c(2067): warning:  #223-D: function "i2cwrite" declared implicitly
eMPL\inv_mpu.c(2071): warning:  #223-D: function "i2cwrite" declared implicitly
eMPL\inv_mpu.c(2074): warning:  #223-D: function "i2cwrite" declared implicitly
eMPL\inv_mpu.c(2080): warning:  #223-D: function "i2cwrite" declared implicitly
eMPL\inv_mpu.c(2087): warning:  #223-D: function "i2cwrite" declared implicitly
eMPL\inv_mpu.c(2094): warning:  #223-D: function "i2cwrite" declared implicitly
eMPL\inv_mpu.c(2098): warning:  #223-D: function "i2cwrite" declared implicitly
eMPL\inv_mpu.c(2102): warning:  #223-D: function "i2cwrite" declared implicitly
eMPL\inv_mpu.c(2105): warning:  #223-D: function "i2cread" declared implicitly
eMPL\inv_mpu.c(2115): warning:  #223-D: function "i2cread" declared implicitly
eMPL\inv_mpu.c(2303): warning:  #223-D: function "i2cwrite" declared implicitly
eMPL\inv_mpu.c(2305): warning:  #223-D: function "i2cwrite" declared implicitly
eMPL\inv_mpu.c(2336): warning:  #223-D: function "i2cwrite" declared implicitly
eMPL\inv_mpu.c(2338): warning:  #223-D: function "i2cread" declared implicitly
eMPL\inv_mpu.c(2379): warning:  #223-D: function "i2cwrite" declared implicitly
eMPL\inv_mpu.c(2409): warning:  #223-D: function "i2cwrite" declared implicitly
eMPL\inv_mpu.c(2419): warning:  #223-D: function "i2cwrite" declared implicitly
eMPL\inv_mpu.c(2724): warning:  #223-D: function "i2cwrite" declared implicitly
eMPL\inv_mpu.c(2735): warning:  #223-D: function "i2cwrite" declared implicitly
eMPL\inv_mpu.c(2741): warning:  #223-D: function "i2cwrite" declared implicitly
eMPL\inv_mpu.c(2747): warning:  #223-D: function "i2cwrite" declared implicitly
eMPL\inv_mpu.c(2761): warning:  #223-D: function "i2cwrite" declared implicitly
eMPL\inv_mpu.c - 0 Error(s), 84 Warning(s).
compiling inv_mpu.c...
eMPL\inv_mpu.c(806): warning:  #223-D: function "PrintChar" declared implicitly
eMPL\inv_mpu.c(814): warning:  #223-D: function "PrintChar" declared implicitly
eMPL\inv_mpu.c(818): warning:  #223-D: function "PrintChar" declared implicitly
eMPL\inv_mpu.c - 0 Error(s), 3 Warning(s).
compiling inv_mpu_dmp_motion_driver.c...
eMPL\inv_mpu_dmp_motion_driver.c - 0 Error(s), 0 Warning(s).
Build target 'IMU_AHRS'
compiling inv_mpu.c...
linking...
Program Size: Code=14932 RO-data=524 RW-data=144 ZI-data=1984  
FromELF: creating hex file...
".\Output\IMU_AHRS.axf" - 0 Error(s), 0 Warning(s).
Build target 'IMU_AHRS'
linking...
Program Size: Code=14932 RO-data=524 RW-data=144 ZI-data=1984  
FromELF: creating hex file...
".\Output\IMU_AHRS.axf" - 0 Error(s), 0 Warning(s).
compiling main.c...
User_Src\main.c(257): warning:  #223-D: function "mpu_run_self_test" declared implicitly
User_Src\main.c(264): warning:  #223-D: function "mpu_get_gyro_sens" declared implicitly
User_Src\main.c(268): warning:  #223-D: function "dmp_set_gyro_bias" declared implicitly
User_Src\main.c(269): warning:  #223-D: function "mpu_get_accel_sens" declared implicitly
User_Src\main.c(273): warning:  #223-D: function "dmp_set_accel_bias" declared implicitly
User_Src\main.c(274): warning:  #223-D: function "PrintChar" declared implicitly
User_Src\main.c(278): warning:  #223-D: function "PrintChar" declared implicitly
User_Src\main.c(83): warning:  #177-D: variable "gyro_orientation" was declared but never referenced
User_Src\main.c(193): warning:  #177-D: function "inv_orientation_matrix_to_scalar" was declared but never referenced
User_Src\main.c(251): warning:  #177-D: function "run_self_test" was declared but never referenced
User_Src\main.c - 0 Error(s), 10 Warning(s).
compiling main.c...
User_Src\main.c(257): warning:  #223-D: function "mpu_run_self_test" declared implicitly
User_Src\main.c(264): warning:  #223-D: function "mpu_get_gyro_sens" declared implicitly
User_Src\main.c(268): warning:  #223-D: function "dmp_set_gyro_bias" declared implicitly
User_Src\main.c(269): warning:  #223-D: function "mpu_get_accel_sens" declared implicitly
User_Src\main.c(273): warning:  #223-D: function "dmp_set_accel_bias" declared implicitly
User_Src\main.c(83): warning:  #177-D: variable "gyro_orientation" was declared but never referenced
User_Src\main.c(193): warning:  #177-D: function "inv_orientation_matrix_to_scalar" was declared but never referenced
User_Src\main.c(251): warning:  #177-D: function "run_self_test" was declared but never referenced
User_Src\main.c - 0 Error(s), 8 Warning(s).
compiling main.c...
User_Src\main.c(257): warning:  #223-D: function "mpu_run_self_test" declared implicitly
User_Src\main.c(264): warning:  #223-D: function "mpu_get_gyro_sens" declared implicitly
User_Src\main.c(268): warning:  #223-D: function "dmp_set_gyro_bias" declared implicitly
User_Src\main.c(269): warning:  #223-D: function "mpu_get_accel_sens" declared implicitly
User_Src\main.c(273): warning:  #223-D: function "dmp_set_accel_bias" declared implicitly
User_Src\main.c(495): warning:  #223-D: function "mpu_init" declared implicitly
User_Src\main.c(499): warning:  #223-D: function "PrintChar" declared implicitly
User_Src\main.c(501): warning:  #223-D: function "mpu_set_sensors" declared implicitly
User_Src\main.c(501): error:  #20: identifier "INV_XYZ_GYRO" is undefined
User_Src\main.c(501): error:  #20: identifier "INV_XYZ_ACCEL" is undefined
User_Src\main.c(510): warning:  #223-D: function "mpu_configure_fifo" declared implicitly
User_Src\main.c(510): error:  #20: identifier "INV_XYZ_GYRO" is undefined
User_Src\main.c(510): error:  #20: identifier "INV_XYZ_ACCEL" is undefined
User_Src\main.c(519): warning:  #223-D: function "mpu_set_sample_rate" declared implicitly
User_Src\main.c(528): warning:  #223-D: function "dmp_load_motion_driver_firmware" declared implicitly
User_Src\main.c(537): warning:  #223-D: function "dmp_set_orientation" declared implicitly
User_Src\main.c(546): warning:  #223-D: function "dmp_enable_feature" declared implicitly
User_Src\main.c(546): error:  #20: identifier "DMP_FEATURE_6X_LP_QUAT" is undefined
User_Src\main.c(546): error:  #20: identifier "DMP_FEATURE_TAP" is undefined
User_Src\main.c(547): error:  #20: identifier "DMP_FEATURE_ANDROID_ORIENT" is undefined
User_Src\main.c(547): error:  #20: identifier "DMP_FEATURE_SEND_RAW_ACCEL" is undefined
User_Src\main.c(547): error:  #20: identifier "DMP_FEATURE_SEND_CAL_GYRO" is undefined
User_Src\main.c(548): error:  #20: identifier "DMP_FEATURE_GYRO_CAL" is undefined
User_Src\main.c(557): warning:  #223-D: function "dmp_set_fifo_rate" declared implicitly
User_Src\main.c(566): warning:  #223-D: function "mpu_set_dmp_state" declared implicitly
User_Src\main.c(582): warning:  #223-D: function "dmp_read_fifo" declared implicitly
User_Src\main.c(597): error:  #20: identifier "INV_WXYZ_QUAT" is undefined
User_Src\main.c(599): warning:  #223-D: function "PrintChar" declared implicitly
User_Src\main.c(608): error:  #20: identifier "INV_XYZ_GYRO" is undefined
User_Src\main.c(610): error:  #20: identifier "INV_XYZ_ACCEL" is undefined
User_Src\main.c(581): warning:  #550-D: variable "Yaw" was set but never used
User_Src\main.c(581): warning:  #550-D: variable "Roll" was set but never used
User_Src\main.c(581): warning:  #550-D: variable "Pitch" was set but never used
User_Src\main.c - 13 Error(s), 20 Warning(s).
compiling main.c...
User_Src\main.c(257): warning:  #223-D: function "mpu_run_self_test" declared implicitly
User_Src\main.c(264): warning:  #223-D: function "mpu_get_gyro_sens" declared implicitly
User_Src\main.c(268): warning:  #223-D: function "dmp_set_gyro_bias" declared implicitly
User_Src\main.c(269): warning:  #223-D: function "mpu_get_accel_sens" declared implicitly
User_Src\main.c(273): warning:  #223-D: function "dmp_set_accel_bias" declared implicitly
User_Src\main.c(495): warning:  #223-D: function "mpu_init" declared implicitly
User_Src\main.c(501): warning:  #223-D: function "mpu_set_sensors" declared implicitly
User_Src\main.c(501): error:  #20: identifier "INV_XYZ_GYRO" is undefined
User_Src\main.c(501): error:  #20: identifier "INV_XYZ_ACCEL" is undefined
User_Src\main.c(510): warning:  #223-D: function "mpu_configure_fifo" declared implicitly
User_Src\main.c(510): error:  #20: identifier "INV_XYZ_GYRO" is undefined
User_Src\main.c(510): error:  #20: identifier "INV_XYZ_ACCEL" is undefined
User_Src\main.c(519): warning:  #223-D: function "mpu_set_sample_rate" declared implicitly
User_Src\main.c(528): warning:  #223-D: function "dmp_load_motion_driver_firmware" declared implicitly
User_Src\main.c(537): warning:  #223-D: function "dmp_set_orientation" declared implicitly
User_Src\main.c(546): warning:  #223-D: function "dmp_enable_feature" declared implicitly
User_Src\main.c(546): error:  #20: identifier "DMP_FEATURE_6X_LP_QUAT" is undefined
User_Src\main.c(546): error:  #20: identifier "DMP_FEATURE_TAP" is undefined
User_Src\main.c(547): error:  #20: identifier "DMP_FEATURE_ANDROID_ORIENT" is undefined
User_Src\main.c(547): error:  #20: identifier "DMP_FEATURE_SEND_RAW_ACCEL" is undefined
User_Src\main.c(547): error:  #20: identifier "DMP_FEATURE_SEND_CAL_GYRO" is undefined
User_Src\main.c(548): error:  #20: identifier "DMP_FEATURE_GYRO_CAL" is undefined
User_Src\main.c(557): warning:  #223-D: function "dmp_set_fifo_rate" declared implicitly
User_Src\main.c(566): warning:  #223-D: function "mpu_set_dmp_state" declared implicitly
User_Src\main.c(582): warning:  #223-D: function "dmp_read_fifo" declared implicitly
User_Src\main.c(597): error:  #20: identifier "INV_WXYZ_QUAT" is undefined
User_Src\main.c(599): warning:  #223-D: function "PrintChar" declared implicitly
User_Src\main.c(608): error:  #20: identifier "INV_XYZ_GYRO" is undefined
User_Src\main.c(610): error:  #20: identifier "INV_XYZ_ACCEL" is undefined
User_Src\main.c(581): warning:  #550-D: variable "Yaw" was set but never used
User_Src\main.c(581): warning:  #550-D: variable "Roll" was set but never used
User_Src\main.c(581): warning:  #550-D: variable "Pitch" was set but never used
User_Src\main.c - 13 Error(s), 19 Warning(s).
Build target 'IMU_AHRS'
compiling main.c...
User_Src\AppIncludes.h(31): error:  #5: cannot open source input file "inv_mpu_dmp_motion_driver.h": No such file or directory
Target not created
Build target 'IMU_AHRS'
compiling core_cm3.c...
compiling system_stm32f10x.c...
compiling main.c...
User_Src\main.c(599): warning:  #223-D: function "PrintChar" declared implicitly
User_Src\main.c(581): warning:  #550-D: variable "Yaw" was set but never used
User_Src\main.c(581): warning:  #550-D: variable "Roll" was set but never used
User_Src\main.c(581): warning:  #550-D: variable "Pitch" was set but never used
compiling stm32f10x_it.c...
User_Src\stm32f10x_it.c(140): warning:  #9-D: nested comment is not allowed
compiling misc.c...
compiling stm32f10x_gpio.c...
compiling stm32f10x_rcc.c...
compiling stm32f10x_tim.c...
compiling stm32f10x_usart.c...
compiling stm32f10x_flash.c...
compiling HMC5883L.c...
compiling bsp.c...
compiling time.c...
compiling LED.c...
compiling eeprom.c...
compiling MotorDriver.c...
compiling i2c.c...
compiling mpu6050.c...
compiling calc.c...
compiling sensor.c...
compiling attitude.c...
compiling inv_mpu.c...
compiling inv_mpu_dmp_motion_driver.c...
linking...
.\Output\IMU_AHRS.axf: Error: L6218E: Undefined symbol PrintChar (referred from main.o).
Target not created
compiling main.c...
User_Src\main.c(581): warning:  #550-D: variable "Yaw" was set but never used
User_Src\main.c(581): warning:  #550-D: variable "Roll" was set but never used
User_Src\main.c(581): warning:  #550-D: variable "Pitch" was set but never used
User_Src\main.c - 0 Error(s), 3 Warning(s).
compiling main.c...
User_Src\main.c - 0 Error(s), 0 Warning(s).
Build target 'IMU_AHRS'
linking...
.\Output\IMU_AHRS.axf: Error: L6200E: Symbol Pitch multiply defined (by attitude.o and main.o).
Target not created
compiling main.c...
User_Src\main.c - 0 Error(s), 0 Warning(s).
Build target 'IMU_AHRS'
linking...
Program Size: Code=23500 RO-data=3652 RW-data=140 ZI-data=1716  
FromELF: creating hex file...
".\Output\IMU_AHRS.axf" - 0 Error(s), 0 Warning(s).
Load "C:\\Documents and Settings\\dsc\\桌面\\Aircraft\\Output\\IMU_AHRS.AXF" 
* JLink Info: Device "STM32F103T8" selected (64 KB flash, 20 KB RAM).
Set JLink Project File to "C:\Documents and Settings\dsc\桌面\Aircraft\JLinkSettings.ini"
 
JLink info:
------------
DLL: V4.35b, compiled Sep  2 2011 18:34:46
Firmware: J-Link ARM V8 compiled Jul 17 2013 11:24:15
Hardware: V8.00
S/N : 20100213 
Feature(s) : RDI,FlashDL,FlashBP,JFlash,GDBFULL 
 
* JLink Info: Found SWD-DP with ID 0x1BA01477
* JLink Info: TPIU fitted.
* JLink Info:   FPUnit: 6 code (BP) slots and 2 literal slots
* JLink Info: Found Cortex-M3 r1p1, Little endian.
ROMTableAddr = 0xE00FF003
* JLink Info: Found SWD-DP with ID 0x1BA01477
* JLink Info: TPIU fitted.
* JLink Info:   FPUnit: 6 code (BP) slots and 2 literal slots
* JLink Info: Found Cortex-M3 r1p1, Little endian.
 
Target info:
------------
Device: STM32F103T8
VTarget = 3.345V
State of Pins: 
TCK: 0, TDI: 0, TDO: 0, TMS: 1, TRES: 1, TRST: 1
Hardware-Breakpoints: 6
Software-Breakpoints: 8192
Watchpoints:          4
JTAG speed: 4000 kHz
 
Erase Done.
Programming Done.
Verify OK.
* JLink Info: Found SWD-DP with ID 0x1BA01477
* JLink Info: TPIU fitted.
* JLink Info:   FPUnit: 6 code (BP) slots and 2 literal slots
* JLink Info: Found Cortex-M3 r1p1, Little endian.
Application running ...
Build target 'IMU_AHRS'
linking...
Program Size: Code=23500 RO-data=3652 RW-data=140 ZI-data=1716  
FromELF: creating hex file...
".\Output\IMU_AHRS.axf" - 0 Error(s), 0 Warning(s).
Load "C:\\Documents and Settings\\dsc\\桌面\\Aircraft\\Output\\IMU_AHRS.AXF" 
* JLink Info: Device "STM32F103T8" selected (64 KB flash, 20 KB RAM).
Set JLink Project File to "C:\Documents and Settings\dsc\桌面\Aircraft\JLinkSettings.ini"
 
JLink info:
------------
DLL: V4.35b, compiled Sep  2 2011 18:34:46
Firmware: J-Link ARM V8 compiled Jul 17 2013 11:24:15
Hardware: V8.00
S/N : 20100213 
Feature(s) : RDI,FlashDL,FlashBP,JFlash,GDBFULL 
 
* JLink Info: Found SWD-DP with ID 0x1BA01477
* JLink Info: TPIU fitted.
* JLink Info:   FPUnit: 6 code (BP) slots and 2 literal slots
* JLink Info: Found Cortex-M3 r1p1, Little endian.
ROMTableAddr = 0xE00FF003
* JLink Info: Found SWD-DP with ID 0x1BA01477
* JLink Info: TPIU fitted.
* JLink Info:   FPUnit: 6 code (BP) slots and 2 literal slots
* JLink Info: Found Cortex-M3 r1p1, Little endian.
 
Target info:
------------
Device: STM32F103T8
VTarget = 3.351V
State of Pins: 
TCK: 0, TDI: 0, TDO: 0, TMS: 1, TRES: 1, TRST: 1
Hardware-Breakpoints: 6
Software-Breakpoints: 8192
Watchpoints:          4
JTAG speed: 4000 kHz
 
Erase Done.
Programming Done.
Verify OK.
* JLink Info: Found SWD-DP with ID 0x1BA01477
* JLink Info: TPIU fitted.
* JLink Info:   FPUnit: 6 code (BP) slots and 2 literal slots
* JLink Info: Found Cortex-M3 r1p1, Little endian.
Application running ...
compiling inv_mpu.c...
eMPL\inv_mpu.c(518): error:  #65: expected a ";"
eMPL\inv_mpu.c(523): warning:  #12-D: parsing restarts here after previous syntax error
eMPL\inv_mpu.c(544): error:  #20: identifier "st" is undefined
eMPL\inv_mpu.c(577): error:  #20: identifier "st" is undefined
eMPL\inv_mpu.c(596): error:  #20: identifier "st" is undefined
eMPL\inv_mpu.c(598): error:  #20: identifier "st" is undefined
eMPL\inv_mpu.c(600): error:  #20: identifier "st" is undefined
eMPL\inv_mpu.c(622): error:  #20: identifier "st" is undefined
eMPL\inv_mpu.c(628): error:  #20: identifier "st" is undefined
eMPL\inv_mpu.c(633): error:  #20: identifier "st" is undefined
eMPL\inv_mpu.c(641): error:  #20: identifier "st" is undefined
eMPL\inv_mpu.c(643): error:  #20: identifier "st" is undefined
eMPL\inv_mpu.c(649): error:  #20: identifier "st" is undefined
eMPL\inv_mpu.c(658): error:  #20: identifier "st" is undefined
eMPL\inv_mpu.c(660): error:  #20: identifier "st" is undefined
eMPL\inv_mpu.c(682): error:  #20: identifier "st" is undefined
eMPL\inv_mpu.c(758): error:  #20: identifier "st" is undefined
eMPL\inv_mpu.c(760): error:  #20: identifier "st" is undefined
eMPL\inv_mpu.c(787): error:  #20: identifier "st" is undefined
eMPL\inv_mpu.c(817): error:  #20: identifier "st" is undefined
eMPL\inv_mpu.c(835): error:  #20: identifier "st" is undefined
eMPL\inv_mpu.c(838): error:  #20: identifier "st" is undefined
eMPL\inv_mpu.c(858): error:  #20: identifier "st" is undefined
eMPL\inv_mpu.c(861): error:  #20: identifier "st" is undefined
eMPL\inv_mpu.c(882): error:  #20: identifier "st" is undefined
eMPL\inv_mpu.c(885): error:  #20: identifier "st" is undefined
eMPL\inv_mpu.c(891): error:  #20: identifier "st" is undefined
eMPL\inv_mpu.c(914): error:  #20: identifier "st" is undefined
eMPL\inv_mpu.c(924): error:  #20: identifier "st" is undefined
eMPL\inv_mpu.c(942): error:  #20: identifier "st" is undefined
eMPL\inv_mpu.c(955): error:  #20: identifier "st" is undefined
eMPL\inv_mpu.c - 30 Error(s), 1 Warning(s).
compiling inv_mpu.c...
eMPL\inv_mpu.c(518): error:  #65: expected a ";"
eMPL\inv_mpu.c(523): warning:  #12-D: parsing restarts here after previous syntax error
eMPL\inv_mpu.c(627): error:  #20: identifier "st" is undefined
eMPL\inv_mpu.c(660): error:  #20: identifier "st" is undefined
eMPL\inv_mpu.c(679): error:  #20: identifier "st" is undefined
eMPL\inv_mpu.c(681): error:  #20: identifier "st" is undefined
eMPL\inv_mpu.c(683): error:  #20: identifier "st" is undefined
eMPL\inv_mpu.c(705): error:  #20: identifier "st" is undefined
eMPL\inv_mpu.c(711): error:  #20: identifier "st" is undefined
eMPL\inv_mpu.c(716): error:  #20: identifier "st" is undefined
eMPL\inv_mpu.c(724): error:  #20: identifier "st" is undefined
eMPL\inv_mpu.c(726): error:  #20: identifier "st" is undefined
eMPL\inv_mpu.c(732): error:  #20: identifier "st" is undefined
eMPL\inv_mpu.c(741): error:  #20: identifier "st" is undefined
eMPL\inv_mpu.c(743): error:  #20: identifier "st" is undefined
eMPL\inv_mpu.c(765): error:  #20: identifier "st" is undefined
eMPL\inv_mpu.c(841): error:  #20: identifier "st" is undefined
eMPL\inv_mpu.c(843): error:  #20: identifier "st" is undefined
eMPL\inv_mpu.c(870): error:  #20: identifier "st" is undefined
eMPL\inv_mpu.c(900): error:  #20: identifier "st" is undefined
eMPL\inv_mpu.c(918): error:  #20: identifier "st" is undefined
eMPL\inv_mpu.c(921): error:  #20: identifier "st" is undefined
eMPL\inv_mpu.c(941): error:  #20: identifier "st" is undefined
eMPL\inv_mpu.c(944): error:  #20: identifier "st" is undefined
eMPL\inv_mpu.c(965): error:  #20: identifier "st" is undefined
eMPL\inv_mpu.c(968): error:  #20: identifier "st" is undefined
eMPL\inv_mpu.c(974): error:  #20: identifier "st" is undefined
eMPL\inv_mpu.c(997): error:  #20: identifier "st" is undefined
eMPL\inv_mpu.c(1007): error:  #20: identifier "st" is undefined
eMPL\inv_mpu.c(1025): error:  #20: identifier "st" is undefined
eMPL\inv_mpu.c(1038): error:  #20: identifier "st" is undefined
eMPL\inv_mpu.c - 30 Error(s), 1 Warning(s).
compiling inv_mpu.c...
eMPL\inv_mpu.c - 0 Error(s), 0 Warning(s).
compiling inv_mpu.c...
eMPL\inv_mpu.c - 0 Error(s), 0 Warning(s).
compiling inv_mpu_dmp_motion_driver.c...
eMPL\inv_mpu_dmp_motion_driver.c - 0 Error(s), 0 Warning(s).
Build target 'IMU_AHRS'
compiling inv_mpu.c...
linking...
Program Size: Code=23500 RO-data=3652 RW-data=140 ZI-data=1716  
FromELF: creating hex file...
".\Output\IMU_AHRS.axf" - 0 Error(s), 0 Warning(s).
compiling main.c...
User_Src\main.c - 0 Error(s), 0 Warning(s).
compiling i2c.c...
BSP\i2c.c - 0 Error(s), 0 Warning(s).
Build target 'IMU_AHRS'
compiling main.c...
compiling bsp.c...
compiling time.c...
compiling mpu6050.c...
compiling sensor.c...
compiling attitude.c...
linking...
Program Size: Code=23552 RO-data=3656 RW-data=140 ZI-data=1716  
FromELF: creating hex file...
".\Output\IMU_AHRS.axf" - 0 Error(s), 0 Warning(s).
Load "C:\\Documents and Settings\\dsc\\桌面\\Aircraft\\Output\\IMU_AHRS.AXF" 
* JLink Info: Device "STM32F103T8" selected (64 KB flash, 20 KB RAM).
Set JLink Project File to "C:\Documents and Settings\dsc\桌面\Aircraft\JLinkSettings.ini"
 
JLink info:
------------
DLL: V4.35b, compiled Sep  2 2011 18:34:46
Firmware: J-Link ARM V8 compiled Jul 17 2013 11:24:15
Hardware: V8.00
S/N : 20100213 
Feature(s) : RDI,FlashDL,FlashBP,JFlash,GDBFULL 
 
* JLink Info: Found SWD-DP with ID 0x1BA01477
* JLink Info: TPIU fitted.
* JLink Info:   FPUnit: 6 code (BP) slots and 2 literal slots
* JLink Info: Found Cortex-M3 r1p1, Little endian.
ROMTableAddr = 0xE00FF003
* JLink Info: Found SWD-DP with ID 0x1BA01477
* JLink Info: TPIU fitted.
* JLink Info:   FPUnit: 6 code (BP) slots and 2 literal slots
* JLink Info: Found Cortex-M3 r1p1, Little endian.
 
Target info:
------------
Device: STM32F103T8
VTarget = 3.345V
State of Pins: 
TCK: 0, TDI: 0, TDO: 0, TMS: 1, TRES: 1, TRST: 0
Hardware-Breakpoints: 6
Software-Breakpoints: 8192
Watchpoints:          4
JTAG speed: 4000 kHz
 
Erase Done.
Programming Done.
Verify OK.
* JLink Info: Found SWD-DP with ID 0x1BA01477
* JLink Info: TPIU fitted.
* JLink Info:   FPUnit: 6 code (BP) slots and 2 literal slots
* JLink Info: Found Cortex-M3 r1p1, Little endian.
Application running ...
compiling inv_mpu.c...
eMPL\inv_mpu.c - 0 Error(s), 0 Warning(s).
Build target 'IMU_AHRS'
linking...
Program Size: Code=23552 RO-data=3656 RW-data=140 ZI-data=1716  
FromELF: creating hex file...
".\Output\IMU_AHRS.axf" - 0 Error(s), 0 Warning(s).
Build target 'IMU_AHRS'
linking...
Program Size: Code=23552 RO-data=3656 RW-data=140 ZI-data=1716  
FromELF: creating hex file...
".\Output\IMU_AHRS.axf" - 0 Error(s), 0 Warning(s).
compiling mpu6050.c...
BSP\mpu6050.c - 0 Error(s), 0 Warning(s).
Build target 'IMU_AHRS'
linking...
Program Size: Code=23584 RO-data=3656 RW-data=140 ZI-data=1716  
FromELF: creating hex file...
".\Output\IMU_AHRS.axf" - 0 Error(s), 0 Warning(s).
Load "C:\\Documents and Settings\\dsc\\桌面\\Aircraft\\Output\\IMU_AHRS.AXF" 
* JLink Info: Device "STM32F103T8" selected (64 KB flash, 20 KB RAM).
Set JLink Project File to "C:\Documents and Settings\dsc\桌面\Aircraft\JLinkSettings.ini"
 
JLink info:
------------
DLL: V4.35b, compiled Sep  2 2011 18:34:46
Firmware: J-Link ARM V8 compiled Jul 17 2013 11:24:15
Hardware: V8.00
S/N : 20100213 
Feature(s) : RDI,FlashDL,FlashBP,JFlash,GDBFULL 
 
* JLink Info: Found SWD-DP with ID 0x1BA01477
* JLink Info: TPIU fitted.
* JLink Info:   FPUnit: 6 code (BP) slots and 2 literal slots
* JLink Info: Found Cortex-M3 r1p1, Little endian.
ROMTableAddr = 0xE00FF003
* JLink Info: Found SWD-DP with ID 0x1BA01477
* JLink Info: TPIU fitted.
* JLink Info:   FPUnit: 6 code (BP) slots and 2 literal slots
* JLink Info: Found Cortex-M3 r1p1, Little endian.
 
Target info:
------------
Device: STM32F103T8
VTarget = 3.345V
State of Pins: 
TCK: 0, TDI: 0, TDO: 0, TMS: 1, TRES: 1, TRST: 0
Hardware-Breakpoints: 6
Software-Breakpoints: 8192
Watchpoints:          4
JTAG speed: 4000 kHz
 
Erase Done.
Programming Done.
Verify OK.
* JLink Info: Found SWD-DP with ID 0x1BA01477
* JLink Info: TPIU fitted.
* JLink Info:   FPUnit: 6 code (BP) slots and 2 literal slots
* JLink Info: Found Cortex-M3 r1p1, Little endian.
Application running ...
compiling mpu6050.c...
BSP\mpu6050.c - 0 Error(s), 0 Warning(s).
compiling mpu6050.c...
BSP\mpu6050.c - 0 Error(s), 0 Warning(s).
Build target 'IMU_AHRS'
linking...
Program Size: Code=23552 RO-data=3656 RW-data=140 ZI-data=1716  
FromELF: creating hex file...
".\Output\IMU_AHRS.axf" - 0 Error(s), 0 Warning(s).
compiling mpu6050.c...
BSP\mpu6050.c - 0 Error(s), 0 Warning(s).
Build target 'IMU_AHRS'
linking...
Program Size: Code=23552 RO-data=3656 RW-data=140 ZI-data=1716  
FromELF: creating hex file...
".\Output\IMU_AHRS.axf" - 0 Error(s), 0 Warning(s).
Build target 'IMU_AHRS'
linking...
Program Size: Code=23552 RO-data=3656 RW-data=140 ZI-data=1716  
FromELF: creating hex file...
".\Output\IMU_AHRS.axf" - 0 Error(s), 0 Warning(s).
Load "C:\\Documents and Settings\\dsc\\桌面\\Aircraft\\Output\\IMU_AHRS.AXF" 
* JLink Info: Device "STM32F103T8" selected (64 KB flash, 20 KB RAM).
Set JLink Project File to "C:\Documents and Settings\dsc\桌面\Aircraft\JLinkSettings.ini"
 
JLink info:
------------
DLL: V4.35b, compiled Sep  2 2011 18:34:46
Firmware: J-Link ARM V8 compiled Jul 17 2013 11:24:15
Hardware: V8.00
S/N : 20100213 
Feature(s) : RDI,FlashDL,FlashBP,JFlash,GDBFULL 
 
* JLink Info: Found SWD-DP with ID 0x1BA01477
* JLink Info: TPIU fitted.
* JLink Info:   FPUnit: 6 code (BP) slots and 2 literal slots
* JLink Info: Found Cortex-M3 r1p1, Little endian.
ROMTableAddr = 0xE00FF003
* JLink Info: Found SWD-DP with ID 0x1BA01477
* JLink Info: TPIU fitted.
* JLink Info:   FPUnit: 6 code (BP) slots and 2 literal slots
* JLink Info: Found Cortex-M3 r1p1, Little endian.
 
Target info:
------------
Device: STM32F103T8
VTarget = 3.345V
State of Pins: 
TCK: 0, TDI: 0, TDO: 0, TMS: 1, TRES: 1, TRST: 0
Hardware-Breakpoints: 6
Software-Breakpoints: 8192
Watchpoints:          4
JTAG speed: 4000 kHz
 
Erase Done.
Programming Done.
Verify OK.
* JLink Info: Found SWD-DP with ID 0x1BA01477
* JLink Info: TPIU fitted.
* JLink Info:   FPUnit: 6 code (BP) slots and 2 literal slots
* JLink Info: Found Cortex-M3 r1p1, Little endian.
Application running ...
compiling inv_mpu.c...
eMPL\inv_mpu.c - 0 Error(s), 0 Warning(s).
Build target 'IMU_AHRS'
linking...
Program Size: Code=23552 RO-data=3656 RW-data=140 ZI-data=1716  
FromELF: creating hex file...
".\Output\IMU_AHRS.axf" - 0 Error(s), 0 Warning(s).
compiling inv_mpu.c...
eMPL\inv_mpu.c - 0 Error(s), 0 Warning(s).
Build target 'IMU_AHRS'
linking...
Program Size: Code=23552 RO-data=3656 RW-data=140 ZI-data=1716  
FromELF: creating hex file...
".\Output\IMU_AHRS.axf" - 0 Error(s), 0 Warning(s).
compiling inv_mpu.c...
eMPL\inv_mpu.c(27): error:  #5: cannot open source input file "STM32_I2C.h": No such file or directory
eMPL\inv_mpu.c - 1 Error(s), 0 Warning(s).
compiling inv_mpu.c...
eMPL\inv_mpu.c(704): warning:  #223-D: function "i2cwrite" declared implicitly
eMPL\inv_mpu.c(716): warning:  #223-D: function "i2cwrite" declared implicitly
eMPL\inv_mpu.c(735): warning:  #223-D: function "i2cread" declared implicitly
eMPL\inv_mpu.c(755): warning:  #223-D: function "i2cread" declared implicitly
eMPL\inv_mpu.c(777): warning:  #223-D: function "i2cwrite" declared implicitly
eMPL\inv_mpu.c(779): warning:  #223-D: function "delay_ms" declared implicitly
eMPL\inv_mpu.c(783): warning:  #223-D: function "i2cwrite" declared implicitly
eMPL\inv_mpu.c(788): warning:  #223-D: function "i2cread" declared implicitly
eMPL\inv_mpu.c(800): warning:  #223-D: function "PrintChar" declared implicitly
eMPL\inv_mpu.c(804): warning:  #223-D: function "i2cread" declared implicitly
eMPL\inv_mpu.c(808): warning:  #223-D: function "PrintChar" declared implicitly
eMPL\inv_mpu.c(812): warning:  #223-D: function "PrintChar" declared implicitly
eMPL\inv_mpu.c(913): warning:  #223-D: function "i2cwrite" declared implicitly
eMPL\inv_mpu.c(942): warning:  #223-D: function "i2cwrite" declared implicitly
eMPL\inv_mpu.c(993): warning:  #223-D: function "i2cread" declared implicitly
eMPL\inv_mpu.c(999): warning:  #223-D: function "get_ms" declared implicitly
eMPL\inv_mpu.c(1016): warning:  #223-D: function "i2cread" declared implicitly
eMPL\inv_mpu.c(1022): warning:  #223-D: function "get_ms" declared implicitly
eMPL\inv_mpu.c(1040): warning:  #223-D: function "i2cread" declared implicitly
eMPL\inv_mpu.c(1044): warning:  #223-D: function "get_ms" declared implicitly
eMPL\inv_mpu.c(1069): warning:  #223-D: function "i2cread" declared implicitly
eMPL\inv_mpu.c(1079): warning:  #223-D: function "i2cread" declared implicitly
eMPL\inv_mpu.c(1097): warning:  #223-D: function "i2cwrite" declared implicitly
eMPL\inv_mpu.c(1114): warning:  #223-D: function "i2cwrite" declared implicitly
eMPL\inv_mpu.c(1116): warning:  #223-D: function "i2cwrite" declared implicitly
eMPL\inv_mpu.c(1118): warning:  #223-D: function "i2cwrite" declared implicitly
eMPL\inv_mpu.c(1123): warning:  #223-D: function "i2cwrite" declared implicitly
eMPL\inv_mpu.c(1125): warning:  #223-D: function "delay_ms" declared implicitly
eMPL\inv_mpu.c(1129): warning:  #223-D: function "i2cwrite" declared implicitly
eMPL\inv_mpu.c(1135): warning:  #223-D: function "i2cwrite" declared implicitly
eMPL\inv_mpu.c(1138): warning:  #223-D: function "i2cwrite" declared implicitly
eMPL\inv_mpu.c(1142): warning:  #223-D: function "i2cwrite" declared implicitly
eMPL\inv_mpu.c(1148): warning:  #223-D: function "i2cwrite" declared implicitly
eMPL\inv_mpu.c(1150): warning:  #223-D: function "delay_ms" declared implicitly
eMPL\inv_mpu.c(1155): warning:  #223-D: function "i2cwrite" declared implicitly
eMPL\inv_mpu.c(1157): warning:  #223-D: function "i2cwrite" declared implicitly
eMPL\inv_mpu.c(1221): warning:  #223-D: function "i2cwrite" declared implicitly
eMPL\inv_mpu.c(1286): warning:  #223-D: function "i2cwrite" declared implicitly
eMPL\inv_mpu.c(1355): warning:  #223-D: function "i2cwrite" declared implicitly
eMPL\inv_mpu.c(1408): warning:  #223-D: function "i2cwrite" declared implicitly
eMPL\inv_mpu.c(1619): warning:  #223-D: function "i2cwrite" declared implicitly
eMPL\inv_mpu.c(1634): warning:  #223-D: function "i2cwrite" declared implicitly
eMPL\inv_mpu.c(1674): warning:  #223-D: function "delay_ms" declared implicitly
eMPL\inv_mpu.c(1688): warning:  #223-D: function "i2cread" declared implicitly
eMPL\inv_mpu.c(1738): warning:  #223-D: function "i2cread" declared implicitly
eMPL\inv_mpu.c(1746): warning:  #223-D: function "i2cread" declared implicitly
eMPL\inv_mpu.c(1753): warning:  #223-D: function "get_ms" declared implicitly
eMPL\inv_mpu.c(1755): warning:  #223-D: function "i2cread" declared implicitly
eMPL\inv_mpu.c(1803): warning:  #223-D: function "i2cread" declared implicitly
eMPL\inv_mpu.c(1812): warning:  #223-D: function "i2cread" declared implicitly
eMPL\inv_mpu.c(1820): warning:  #223-D: function "i2cread" declared implicitly
eMPL\inv_mpu.c(1839): warning:  #223-D: function "i2cread" declared implicitly
eMPL\inv_mpu.c(1842): warning:  #223-D: function "i2cwrite" declared implicitly
eMPL\inv_mpu.c(1844): warning:  #223-D: function "delay_ms" declared implicitly
eMPL\inv_mpu.c(1850): warning:  #223-D: function "i2cwrite" declared implicitly
eMPL\inv_mpu.c(1854): warning:  #223-D: function "i2cread" declared implicitly
eMPL\inv_mpu.c(1860): warning:  #223-D: function "i2cwrite" declared implicitly
eMPL\inv_mpu.c(1862): warning:  #223-D: function "delay_ms" declared implicitly
eMPL\inv_mpu.c(1869): warning:  #223-D: function "i2cwrite" declared implicitly
eMPL\inv_mpu.c(1907): warning:  #223-D: function "i2cwrite" declared implicitly
eMPL\inv_mpu.c(1918): warning:  #223-D: function "i2cread" declared implicitly
eMPL\inv_mpu.c(1965): warning:  #223-D: function "i2cread" declared implicitly
eMPL\inv_mpu.c(2051): warning:  #223-D: function "i2cwrite" declared implicitly
eMPL\inv_mpu.c(2053): warning:  #223-D: function "delay_ms" declared implicitly
eMPL\inv_mpu.c(2055): warning:  #223-D: function "i2cwrite" declared implicitly
eMPL\inv_mpu.c(2057): warning:  #223-D: function "i2cwrite" declared implicitly
eMPL\inv_mpu.c(2059): warning:  #223-D: function "i2cwrite" declared implicitly
eMPL\inv_mpu.c(2061): warning:  #223-D: function "i2cwrite" declared implicitly
eMPL\inv_mpu.c(2063): warning:  #223-D: function "i2cwrite" declared implicitly
eMPL\inv_mpu.c(2066): warning:  #223-D: function "i2cwrite" declared implicitly
eMPL\inv_mpu.c(2070): warning:  #223-D: function "i2cwrite" declared implicitly
eMPL\inv_mpu.c(2073): warning:  #223-D: function "i2cwrite" declared implicitly
eMPL\inv_mpu.c(2079): warning:  #223-D: function "i2cwrite" declared implicitly
eMPL\inv_mpu.c(2086): warning:  #223-D: function "i2cwrite" declared implicitly
eMPL\inv_mpu.c(2093): warning:  #223-D: function "i2cwrite" declared implicitly
eMPL\inv_mpu.c(2097): warning:  #223-D: function "i2cwrite" declared implicitly
eMPL\inv_mpu.c(2101): warning:  #223-D: function "i2cwrite" declared implicitly
eMPL\inv_mpu.c(2104): warning:  #223-D: function "i2cread" declared implicitly
eMPL\inv_mpu.c(2114): warning:  #223-D: function "i2cread" declared implicitly
eMPL\inv_mpu.c(2302): warning:  #223-D: function "i2cwrite" declared implicitly
eMPL\inv_mpu.c(2304): warning:  #223-D: function "i2cwrite" declared implicitly
eMPL\inv_mpu.c(2335): warning:  #223-D: function "i2cwrite" declared implicitly
eMPL\inv_mpu.c(2337): warning:  #223-D: function "i2cread" declared implicitly
eMPL\inv_mpu.c(2378): warning:  #223-D: function "i2cwrite" declared implicitly
eMPL\inv_mpu.c(2408): warning:  #223-D: function "i2cwrite" declared implicitly
eMPL\inv_mpu.c(2418): warning:  #223-D: function "i2cwrite" declared implicitly
eMPL\inv_mpu.c(2723): warning:  #223-D: function "i2cwrite" declared implicitly
eMPL\inv_mpu.c(2734): warning:  #223-D: function "i2cwrite" declared implicitly
eMPL\inv_mpu.c(2740): warning:  #223-D: function "i2cwrite" declared implicitly
eMPL\inv_mpu.c(2744): warning:  #223-D: function "delay_ms" declared implicitly
eMPL\inv_mpu.c(2746): warning:  #223-D: function "i2cwrite" declared implicitly
eMPL\inv_mpu.c(2760): warning:  #223-D: function "i2cwrite" declared implicitly
eMPL\inv_mpu.c - 0 Error(s), 92 Warning(s).
compiling inv_mpu.c...
eMPL\inv_mpu.c(805): warning:  #223-D: function "PrintChar" declared implicitly
eMPL\inv_mpu.c(813): warning:  #223-D: function "PrintChar" declared implicitly
eMPL\inv_mpu.c(817): warning:  #223-D: function "PrintChar" declared implicitly
eMPL\inv_mpu.c - 0 Error(s), 3 Warning(s).
compiling inv_mpu.c...
eMPL\inv_mpu.c - 0 Error(s), 0 Warning(s).
Build target 'IMU_AHRS'
linking...
Program Size: Code=23552 RO-data=3656 RW-data=140 ZI-data=1716  
FromELF: creating hex file...
".\Output\IMU_AHRS.axf" - 0 Error(s), 0 Warning(s).
Build target 'IMU_AHRS'
linking...
Program Size: Code=23552 RO-data=3656 RW-data=140 ZI-data=1716  
FromELF: creating hex file...
".\Output\IMU_AHRS.axf" - 0 Error(s), 0 Warning(s).
Build target 'IMU_AHRS'
linking...
Program Size: Code=23552 RO-data=3656 RW-data=140 ZI-data=1716  
FromELF: creating hex file...
".\Output\IMU_AHRS.axf" - 0 Error(s), 0 Warning(s).
Load "C:\\Documents and Settings\\dsc\\桌面\\Aircraft\\Output\\IMU_AHRS.AXF" 
* JLink Info: Device "STM32F103T8" selected (64 KB flash, 20 KB RAM).
Set JLink Project File to "C:\Documents and Settings\dsc\桌面\Aircraft\JLinkSettings.ini"
 
JLink info:
------------
DLL: V4.35b, compiled Sep  2 2011 18:34:46
Firmware: J-Link ARM V8 compiled Jul 17 2013 11:24:15
Hardware: V8.00
S/N : 20100213 
Feature(s) : RDI,FlashDL,FlashBP,JFlash,GDBFULL 
 
* JLink Info: Found SWD-DP with ID 0x1BA01477
* JLink Info: TPIU fitted.
* JLink Info:   FPUnit: 6 code (BP) slots and 2 literal slots
* JLink Info: Found Cortex-M3 r1p1, Little endian.
ROMTableAddr = 0xE00FF003
* JLink Info: Found SWD-DP with ID 0x1BA01477
* JLink Info: TPIU fitted.
* JLink Info:   FPUnit: 6 code (BP) slots and 2 literal slots
* JLink Info: Found Cortex-M3 r1p1, Little endian.
 
Target info:
------------
Device: STM32F103T8
VTarget = 3.345V
State of Pins: 
TCK: 0, TDI: 0, TDO: 0, TMS: 1, TRES: 1, TRST: 1
Hardware-Breakpoints: 6
Software-Breakpoints: 8192
Watchpoints:          4
JTAG speed: 4000 kHz
 
Erase Done.
Programming Done.
Verify OK.
* JLink Info: Found SWD-DP with ID 0x1BA01477
* JLink Info: TPIU fitted.
* JLink Info:   FPUnit: 6 code (BP) slots and 2 literal slots
* JLink Info: Found Cortex-M3 r1p1, Little endian.
Application running ...
compiling main.c...
User_Src\main.c(274): warning:  #223-D: function "PrintChar" declared implicitly
User_Src\main.c(278): warning:  #223-D: function "PrintChar" declared implicitly
User_Src\main.c - 0 Error(s), 2 Warning(s).
Build target 'IMU_AHRS'
linking...
.\Output\IMU_AHRS.axf: Error: L6218E: Undefined symbol PrintChar (referred from main.o).
Target not created
compiling main.c...
User_Src\main.c(274): warning:  #223-D: function "PrintChar" declared implicitly
User_Src\main.c(278): warning:  #223-D: function "PrintChar" declared implicitly
User_Src\main.c - 0 Error(s), 2 Warning(s).
compiling main.c...
User_Src\main.c - 0 Error(s), 0 Warning(s).
Build target 'IMU_AHRS'
linking...
Program Size: Code=23552 RO-data=3656 RW-data=140 ZI-data=1716  
FromELF: creating hex file...
".\Output\IMU_AHRS.axf" - 0 Error(s), 0 Warning(s).
Load "C:\\Documents and Settings\\dsc\\桌面\\Aircraft\\Output\\IMU_AHRS.AXF" 
* JLink Info: Device "STM32F103T8" selected (64 KB flash, 20 KB RAM).
Set JLink Project File to "C:\Documents and Settings\dsc\桌面\Aircraft\JLinkSettings.ini"
 
JLink info:
------------
DLL: V4.35b, compiled Sep  2 2011 18:34:46
Firmware: J-Link ARM V8 compiled Jul 17 2013 11:24:15
Hardware: V8.00
S/N : 20100213 
Feature(s) : RDI,FlashDL,FlashBP,JFlash,GDBFULL 
 
* JLink Info: Found SWD-DP with ID 0x1BA01477
* JLink Info: TPIU fitted.
* JLink Info:   FPUnit: 6 code (BP) slots and 2 literal slots
* JLink Info: Found Cortex-M3 r1p1, Little endian.
ROMTableAddr = 0xE00FF003
* JLink Info: Found SWD-DP with ID 0x1BA01477
* JLink Info: TPIU fitted.
* JLink Info:   FPUnit: 6 code (BP) slots and 2 literal slots
* JLink Info: Found Cortex-M3 r1p1, Little endian.
 
Target info:
------------
Device: STM32F103T8
VTarget = 3.345V
State of Pins: 
TCK: 0, TDI: 0, TDO: 0, TMS: 1, TRES: 1, TRST: 1
Hardware-Breakpoints: 6
Software-Breakpoints: 8192
Watchpoints:          4
JTAG speed: 4000 kHz
 
Erase Done.
Programming Done.
Verify OK.
* JLink Info: Found SWD-DP with ID 0x1BA01477
* JLink Info: TPIU fitted.
* JLink Info:   FPUnit: 6 code (BP) slots and 2 literal slots
* JLink Info: Found Cortex-M3 r1p1, Little endian.
Application running ...
Build target 'IMU_AHRS'
compiling main.c...
.\BSP\i2c.h(33): warning:  #47-D: incompatible redefinition of macro "I2C_Direction_Transmitter" (declared at line 124 of ".\Lib\inc\stm32f10x_i2c.h")
.\BSP\i2c.h(35): warning:  #47-D: incompatible redefinition of macro "I2C_Direction_Receiver" (declared at line 125 of ".\Lib\inc\stm32f10x_i2c.h")
compiling HMC5883L.c...
BSP\i2c.h(33): warning:  #47-D: incompatible redefinition of macro "I2C_Direction_Transmitter" (declared at line 124 of ".\Lib\inc\stm32f10x_i2c.h")
BSP\i2c.h(35): warning:  #47-D: incompatible redefinition of macro "I2C_Direction_Receiver" (declared at line 125 of ".\Lib\inc\stm32f10x_i2c.h")
BSP\HMC5883L.c(151): warning:  #223-D: function "IICwriteByte" declared implicitly
BSP\HMC5883L.c(164): warning:  #223-D: function "IICreadBytes" declared implicitly
BSP\HMC5883L.c(358): warning:  #223-D: function "I2C_ReadOneByte" declared implicitly
compiling bsp.c...
BSP\i2c.h(33): warning:  #47-D: incompatible redefinition of macro "I2C_Direction_Transmitter" (declared at line 124 of ".\Lib\inc\stm32f10x_i2c.h")
BSP\i2c.h(35): warning:  #47-D: incompatible redefinition of macro "I2C_Direction_Receiver" (declared at line 125 of ".\Lib\inc\stm32f10x_i2c.h")
BSP\bsp.c(10): warning:  #223-D: function "IIC_Init" declared implicitly
compiling time.c...
.\BSP\i2c.h(33): warning:  #47-D: incompatible redefinition of macro "I2C_Direction_Transmitter" (declared at line 124 of ".\Lib\inc\stm32f10x_i2c.h")
.\BSP\i2c.h(35): warning:  #47-D: incompatible redefinition of macro "I2C_Direction_Receiver" (declared at line 125 of ".\Lib\inc\stm32f10x_i2c.h")
compiling i2c.c...
BSP\i2c.h(33): warning:  #47-D: incompatible redefinition of macro "I2C_Direction_Transmitter" (declared at line 124 of ".\Lib\inc\stm32f10x_i2c.h")
BSP\i2c.h(35): warning:  #47-D: incompatible redefinition of macro "I2C_Direction_Receiver" (declared at line 125 of ".\Lib\inc\stm32f10x_i2c.h")
BSP\i2c.c(232): warning:  #1-D: last line of file ends without a newline
compiling mpu6050.c...
BSP\i2c.h(33): warning:  #47-D: incompatible redefinition of macro "I2C_Direction_Transmitter" (declared at line 124 of ".\Lib\inc\stm32f10x_i2c.h")
BSP\i2c.h(35): warning:  #47-D: incompatible redefinition of macro "I2C_Direction_Receiver" (declared at line 125 of ".\Lib\inc\stm32f10x_i2c.h")
BSP\mpu6050.c(74): warning:  #223-D: function "IICreadBytes" declared implicitly
BSP\mpu6050.c(82): warning:  #223-D: function "IICwriteBytes" declared implicitly
BSP\mpu6050.c(85): warning:  #223-D: function "IICreadBytes" declared implicitly
BSP\mpu6050.c(103): warning:  #223-D: function "IICwriteBits" declared implicitly
BSP\mpu6050.c(113): warning:  #223-D: function "IICwriteBits" declared implicitly
BSP\mpu6050.c(122): warning:  #223-D: function "IICwriteBits" declared implicitly
BSP\mpu6050.c(133): warning:  #223-D: function "IICwriteBit" declared implicitly
BSP\mpu6050.c(142): warning:  #223-D: function "IICreadBytes" declared implicitly
BSP\mpu6050.c(171): warning:  #223-D: function "IICwriteBit" declared implicitly
BSP\mpu6050.c(182): warning:  #223-D: function "IICwriteBit" declared implicitly
BSP\mpu6050.c(246): warning:  #223-D: function "IICreadBytes" declared implicitly
compiling sensor.c...
.\BSP\i2c.h(33): warning:  #47-D: incompatible redefinition of macro "I2C_Direction_Transmitter" (declared at line 124 of ".\Lib\inc\stm32f10x_i2c.h")
.\BSP\i2c.h(35): warning:  #47-D: incompatible redefinition of macro "I2C_Direction_Receiver" (declared at line 125 of ".\Lib\inc\stm32f10x_i2c.h")
compiling attitude.c...
.\BSP\i2c.h(33): warning:  #47-D: incompatible redefinition of macro "I2C_Direction_Transmitter" (declared at line 124 of ".\Lib\inc\stm32f10x_i2c.h")
.\BSP\i2c.h(35): warning:  #47-D: incompatible redefinition of macro "I2C_Direction_Receiver" (declared at line 125 of ".\Lib\inc\stm32f10x_i2c.h")
compiling inv_mpu.c...
.\BSP\i2c.h(33): warning:  #47-D: incompatible redefinition of macro "I2C_Direction_Transmitter" (declared at line 124 of ".\Lib\inc\stm32f10x_i2c.h")
.\BSP\i2c.h(35): warning:  #47-D: incompatible redefinition of macro "I2C_Direction_Receiver" (declared at line 125 of ".\Lib\inc\stm32f10x_i2c.h")
eMPL\inv_mpu.c(709): warning:  #223-D: function "IICwriteBytes" declared implicitly
eMPL\inv_mpu.c(721): warning:  #223-D: function "IICwriteBytes" declared implicitly
eMPL\inv_mpu.c(740): warning:  #223-D: function "IICreadBytes" declared implicitly
eMPL\inv_mpu.c(760): warning:  #223-D: function "IICreadBytes" declared implicitly
eMPL\inv_mpu.c(782): warning:  #223-D: function "IICwriteBytes" declared implicitly
eMPL\inv_mpu.c(788): warning:  #223-D: function "IICwriteBytes" declared implicitly
eMPL\inv_mpu.c(793): warning:  #223-D: function "IICreadBytes" declared implicitly
eMPL\inv_mpu.c(809): warning:  #223-D: function "IICreadBytes" declared implicitly
eMPL\inv_mpu.c(918): warning:  #223-D: function "IICwriteBytes" declared implicitly
eMPL\inv_mpu.c(947): warning:  #223-D: function "IICwriteBytes" declared implicitly
eMPL\inv_mpu.c(998): warning:  #223-D: function "IICreadBytes" declared implicitly
eMPL\inv_mpu.c(1021): warning:  #223-D: function "IICreadBytes" declared implicitly
eMPL\inv_mpu.c(1045): warning:  #223-D: function "IICreadBytes" declared implicitly
eMPL\inv_mpu.c(1074): warning:  #223-D: function "IICreadBytes" declared implicitly
eMPL\inv_mpu.c(1084): warning:  #223-D: function "IICreadBytes" declared implicitly
eMPL\inv_mpu.c(1102): warning:  #223-D: function "IICwriteBytes" declared implicitly
eMPL\inv_mpu.c(1119): warning:  #223-D: function "IICwriteBytes" declared implicitly
eMPL\inv_mpu.c(1121): warning:  #223-D: function "IICwriteBytes" declared implicitly
eMPL\inv_mpu.c(1123): warning:  #223-D: function "IICwriteBytes" declared implicitly
eMPL\inv_mpu.c(1128): warning:  #223-D: function "IICwriteBytes" declared implicitly
eMPL\inv_mpu.c(1134): warning:  #223-D: function "IICwriteBytes" declared implicitly
eMPL\inv_mpu.c(1140): warning:  #223-D: function "IICwriteBytes" declared implicitly
eMPL\inv_mpu.c(1143): warning:  #223-D: function "IICwriteBytes" declared implicitly
eMPL\inv_mpu.c(1147): warning:  #223-D: function "IICwriteBytes" declared implicitly
eMPL\inv_mpu.c(1153): warning:  #223-D: function "IICwriteBytes" declared implicitly
eMPL\inv_mpu.c(1160): warning:  #223-D: function "IICwriteBytes" declared implicitly
eMPL\inv_mpu.c(1162): warning:  #223-D: function "IICwriteBytes" declared implicitly
eMPL\inv_mpu.c(1226): warning:  #223-D: function "IICwriteBytes" declared implicitly
eMPL\inv_mpu.c(1291): warning:  #223-D: function "IICwriteBytes" declared implicitly
eMPL\inv_mpu.c(1360): warning:  #223-D: function "IICwriteBytes" declared implicitly
eMPL\inv_mpu.c(1413): warning:  #223-D: function "IICwriteBytes" declared implicitly
eMPL\inv_mpu.c(1624): warning:  #223-D: function "IICwriteBytes" declared implicitly
eMPL\inv_mpu.c(1639): warning:  #223-D: function "IICwriteBytes" declared implicitly
eMPL\inv_mpu.c(1693): warning:  #223-D: function "IICreadBytes" declared implicitly
eMPL\inv_mpu.c(1743): warning:  #223-D: function "IICreadBytes" declared implicitly
eMPL\inv_mpu.c(1751): warning:  #223-D: function "IICreadBytes" declared implicitly
eMPL\inv_mpu.c(1760): warning:  #223-D: function "IICreadBytes" declared implicitly
eMPL\inv_mpu.c(1808): warning:  #223-D: function "IICreadBytes" declared implicitly
eMPL\inv_mpu.c(1817): warning:  #223-D: function "IICreadBytes" declared implicitly
eMPL\inv_mpu.c(1825): warning:  #223-D: function "IICreadBytes" declared implicitly
eMPL\inv_mpu.c(1844): warning:  #223-D: function "IICreadBytes" declared implicitly
eMPL\inv_mpu.c(1847): warning:  #223-D: function "IICwriteBytes" declared implicitly
eMPL\inv_mpu.c(1855): warning:  #223-D: function "IICwriteBytes" declared implicitly
eMPL\inv_mpu.c(1859): warning:  #223-D: function "IICreadBytes" declared implicitly
eMPL\inv_mpu.c(1865): warning:  #223-D: function "IICwriteBytes" declared implicitly
eMPL\inv_mpu.c(1874): warning:  #223-D: function "IICwriteBytes" declared implicitly
eMPL\inv_mpu.c(1912): warning:  #223-D: function "IICwriteBytes" declared implicitly
eMPL\inv_mpu.c(1923): warning:  #223-D: function "IICreadBytes" declared implicitly
eMPL\inv_mpu.c(1970): warning:  #223-D: function "IICreadBytes" declared implicitly
eMPL\inv_mpu.c(2056): warning:  #223-D: function "IICwriteBytes" declared implicitly
eMPL\inv_mpu.c(2060): warning:  #223-D: function "IICwriteBytes" declared implicitly
eMPL\inv_mpu.c(2062): warning:  #223-D: function "IICwriteBytes" declared implicitly
eMPL\inv_mpu.c(2064): warning:  #223-D: function "IICwriteBytes" declared implicitly
eMPL\inv_mpu.c(2066): warning:  #223-D: function "IICwriteBytes" declared implicitly
eMPL\inv_mpu.c(2068): warning:  #223-D: function "IICwriteBytes" declared implicitly
eMPL\inv_mpu.c(2071): warning:  #223-D: function "IICwriteBytes" declared implicitly
eMPL\inv_mpu.c(2075): warning:  #223-D: function "IICwriteBytes" declared implicitly
eMPL\inv_mpu.c(2078): warning:  #223-D: function "IICwriteBytes" declared implicitly
eMPL\inv_mpu.c(2084): warning:  #223-D: function "IICwriteBytes" declared implicitly
eMPL\inv_mpu.c(2091): warning:  #223-D: function "IICwriteBytes" declared implicitly
eMPL\inv_mpu.c(2098): warning:  #223-D: function "IICwriteBytes" declared implicitly
eMPL\inv_mpu.c(2102): warning:  #223-D: function "IICwriteBytes" declared implicitly
eMPL\inv_mpu.c(2106): warning:  #223-D: function "IICwriteBytes" declared implicitly
eMPL\inv_mpu.c(2109): warning:  #223-D: function "IICreadBytes" declared implicitly
eMPL\inv_mpu.c(2119): warning:  #223-D: function "IICreadBytes" declared implicitly
eMPL\inv_mpu.c(2307): warning:  #223-D: function "IICwriteBytes" declared implicitly
eMPL\inv_mpu.c(2309): warning:  #223-D: function "IICwriteBytes" declared implicitly
eMPL\inv_mpu.c(2340): warning:  #223-D: function "IICwriteBytes" declared implicitly
eMPL\inv_mpu.c(2342): warning:  #223-D: function "IICreadBytes" declared implicitly
eMPL\inv_mpu.c(2383): warning:  #223-D: function "IICwriteBytes" declared implicitly
eMPL\inv_mpu.c(2413): warning:  #223-D: function "IICwriteBytes" declared implicitly
eMPL\inv_mpu.c(2423): warning:  #223-D: function "IICwriteBytes" declared implicitly
eMPL\inv_mpu.c(2728): warning:  #223-D: function "IICwriteBytes" declared implicitly
eMPL\inv_mpu.c(2739): warning:  #223-D: function "IICwriteBytes" declared implicitly
eMPL\inv_mpu.c(2745): warning:  #223-D: function "IICwriteBytes" declared implicitly
eMPL\inv_mpu.c(2751): warning:  #223-D: function "IICwriteBytes" declared implicitly
eMPL\inv_mpu.c(2765): warning:  #223-D: function "IICwriteBytes" declared implicitly
linking...
.\Output\IMU_AHRS.axf: Error: L6218E: Undefined symbol I2C_ReadOneByte (referred from hmc5883l.o).
.\Output\IMU_AHRS.axf: Error: L6218E: Undefined symbol IICreadBytes (referred from hmc5883l.o).
.\Output\IMU_AHRS.axf: Error: L6218E: Undefined symbol IICwriteByte (referred from hmc5883l.o).
.\Output\IMU_AHRS.axf: Error: L6218E: Undefined symbol IIC_Init (referred from bsp.o).
.\Output\IMU_AHRS.axf: Error: L6218E: Undefined symbol IICwriteBit (referred from mpu6050.o).
.\Output\IMU_AHRS.axf: Error: L6218E: Undefined symbol IICwriteBits (referred from mpu6050.o).
.\Output\IMU_AHRS.axf: Error: L6218E: Undefined symbol IICwriteBytes (referred from mpu6050.o).
Target not created
Build target 'IMU_AHRS'
compiling main.c...
.\BSP\i2c.h(33): warning:  #47-D: incompatible redefinition of macro "I2C_Direction_Transmitter" (declared at line 124 of ".\Lib\inc\stm32f10x_i2c.h")
.\BSP\i2c.h(35): warning:  #47-D: incompatible redefinition of macro "I2C_Direction_Receiver" (declared at line 125 of ".\Lib\inc\stm32f10x_i2c.h")
linking...
.\Output\IMU_AHRS.axf: Error: L6218E: Undefined symbol IIC_Init (referred from bsp.o).
.\Output\IMU_AHRS.axf: Error: L6218E: Undefined symbol attitude_mixGyrAccMag (referred from time.o).
.\Output\IMU_AHRS.axf: Error: L6218E: Undefined symbol IICreadBytes (referred from inv_mpu.o).
.\Output\IMU_AHRS.axf: Error: L6218E: Undefined symbol IICwriteBytes (referred from inv_mpu.o).
Target not created
Build target 'IMU_AHRS'
compiling time.c...
.\BSP\i2c.h(33): warning:  #47-D: incompatible redefinition of macro "I2C_Direction_Transmitter" (declared at line 124 of ".\Lib\inc\stm32f10x_i2c.h")
.\BSP\i2c.h(35): warning:  #47-D: incompatible redefinition of macro "I2C_Direction_Receiver" (declared at line 125 of ".\Lib\inc\stm32f10x_i2c.h")
linking...
.\Output\IMU_AHRS.axf: Error: L6218E: Undefined symbol IIC_Init (referred from bsp.o).
.\Output\IMU_AHRS.axf: Error: L6218E: Undefined symbol IICreadBytes (referred from inv_mpu.o).
.\Output\IMU_AHRS.axf: Error: L6218E: Undefined symbol IICwriteBytes (referred from inv_mpu.o).
Target not created
Build target 'IMU_AHRS'
compiling inv_mpu.c...
.\BSP\i2c.h(33): warning:  #47-D: incompatible redefinition of macro "I2C_Direction_Transmitter" (declared at line 124 of ".\Lib\inc\stm32f10x_i2c.h")
.\BSP\i2c.h(35): warning:  #47-D: incompatible redefinition of macro "I2C_Direction_Receiver" (declared at line 125 of ".\Lib\inc\stm32f10x_i2c.h")
linking...
.\Output\IMU_AHRS.axf: Error: L6218E: Undefined symbol IIC_Init (referred from bsp.o).
Target not created
compiling bsp.c...
BSP\i2c.h(33): warning:  #47-D: incompatible redefinition of macro "I2C_Direction_Transmitter" (declared at line 124 of ".\Lib\inc\stm32f10x_i2c.h")
BSP\i2c.h(35): warning:  #47-D: incompatible redefinition of macro "I2C_Direction_Receiver" (declared at line 125 of ".\Lib\inc\stm32f10x_i2c.h")
BSP\bsp.c - 0 Error(s), 2 Warning(s).
Build target 'IMU_AHRS'
compiling main.c...
compiling bsp.c...
compiling time.c...
compiling i2c.c...
BSP\i2c.c(232): warning:  #1-D: last line of file ends without a newline
compiling inv_mpu.c...
linking...
Program Size: Code=22032 RO-data=3656 RW-data=132 ZI-data=1668  
FromELF: creating hex file...
".\Output\IMU_AHRS.axf" - 0 Error(s), 1 Warning(s).
compiling i2c.c...
BSP\i2c.c - 0 Error(s), 0 Warning(s).
compiling i2c.c...
BSP\i2c.c - 0 Error(s), 0 Warning(s).
Build target 'IMU_AHRS'
linking...
Program Size: Code=22032 RO-data=3656 RW-data=132 ZI-data=1668  
FromELF: creating hex file...
".\Output\IMU_AHRS.axf" - 0 Error(s), 0 Warning(s).
Load "C:\\Documents and Settings\\dsc\\桌面\\Aircraft\\Output\\IMU_AHRS.AXF" 
* JLink Info: Device "STM32F103T8" selected (64 KB flash, 20 KB RAM).
Set JLink Project File to "C:\Documents and Settings\dsc\桌面\Aircraft\JLinkSettings.ini"
 
JLink info:
------------
DLL: V4.35b, compiled Sep  2 2011 18:34:46
Firmware: J-Link ARM V8 compiled Jul 17 2013 11:24:15
Hardware: V8.00
S/N : 20100213 
Feature(s) : RDI,FlashDL,FlashBP,JFlash,GDBFULL 
 
* JLink Info: Found SWD-DP with ID 0x1BA01477
* JLink Info: TPIU fitted.
* JLink Info:   FPUnit: 6 code (BP) slots and 2 literal slots
* JLink Info: Found Cortex-M3 r1p1, Little endian.
ROMTableAddr = 0xE00FF003
* JLink Info: Found SWD-DP with ID 0x1BA01477
* JLink Info: TPIU fitted.
* JLink Info:   FPUnit: 6 code (BP) slots and 2 literal slots
* JLink Info: Found Cortex-M3 r1p1, Little endian.
 
Target info:
------------
Device: STM32F103T8
VTarget = 3.345V
State of Pins: 
TCK: 0, TDI: 0, TDO: 0, TMS: 1, TRES: 1, TRST: 0
Hardware-Breakpoints: 6
Software-Breakpoints: 8192
Watchpoints:          4
JTAG speed: 4000 kHz
 
Erase Done.
Programming Done.
Verify OK.
* JLink Info: Found SWD-DP with ID 0x1BA01477
* JLink Info: TPIU fitted.
* JLink Info:   FPUnit: 6 code (BP) slots and 2 literal slots
* JLink Info: Found Cortex-M3 r1p1, Little endian.
Application running ...
Build target 'IMU_AHRS'
linking...
Program Size: Code=22032 RO-data=3656 RW-data=132 ZI-data=1668  
FromELF: creating hex file...
".\Output\IMU_AHRS.axf" - 0 Error(s), 0 Warning(s).
Load "C:\\Documents and Settings\\dsc\\桌面\\Aircraft\\Output\\IMU_AHRS.AXF" 
* JLink Info: Device "STM32F103T8" selected (64 KB flash, 20 KB RAM).
Set JLink Project File to "C:\Documents and Settings\dsc\桌面\Aircraft\JLinkSettings.ini"
 
JLink info:
------------
DLL: V4.35b, compiled Sep  2 2011 18:34:46
Firmware: J-Link ARM V8 compiled Jul 17 2013 11:24:15
Hardware: V8.00
S/N : 20100213 
Feature(s) : RDI,FlashDL,FlashBP,JFlash,GDBFULL 
 
* JLink Info: Found SWD-DP with ID 0x1BA01477
* JLink Info: TPIU fitted.
* JLink Info:   FPUnit: 6 code (BP) slots and 2 literal slots
* JLink Info: Found Cortex-M3 r1p1, Little endian.
ROMTableAddr = 0xE00FF003
* JLink Info: Found SWD-DP with ID 0x1BA01477
* JLink Info: TPIU fitted.
* JLink Info:   FPUnit: 6 code (BP) slots and 2 literal slots
* JLink Info: Found Cortex-M3 r1p1, Little endian.
 
Target info:
------------
Device: STM32F103T8
VTarget = 3.345V
State of Pins: 
TCK: 0, TDI: 0, TDO: 0, TMS: 1, TRES: 1, TRST: 1
Hardware-Breakpoints: 6
Software-Breakpoints: 8192
Watchpoints:          4
JTAG speed: 4000 kHz
 
Erase Done.
Programming Done.
Verify OK.
* JLink Info: Found SWD-DP with ID 0x1BA01477
* JLink Info: TPIU fitted.
* JLink Info:   FPUnit: 6 code (BP) slots and 2 literal slots
* JLink Info: Found Cortex-M3 r1p1, Little endian.
Application running ...
Build target 'IMU_AHRS'
compiling main.c...
compiling bsp.c...
compiling time.c...
compiling i2c.c...
compiling inv_mpu.c...
linking...
Program Size: Code=22032 RO-data=3656 RW-data=132 ZI-data=1668  
FromELF: creating hex file...
".\Output\IMU_AHRS.axf" - 0 Error(s), 0 Warning(s).
compiling i2c.c...
BSP\i2c.c - 0 Error(s), 0 Warning(s).
Build target 'IMU_AHRS'
linking...
Program Size: Code=22032 RO-data=3656 RW-data=132 ZI-data=1668  
FromELF: creating hex file...
".\Output\IMU_AHRS.axf" - 0 Error(s), 0 Warning(s).
compiling i2c.c...
BSP\i2c.c - 0 Error(s), 0 Warning(s).
compiling i2c.c...
BSP\i2c.c - 0 Error(s), 0 Warning(s).
Build target 'IMU_AHRS'
compiling main.c...
compiling bsp.c...
compiling time.c...
compiling inv_mpu.c...
linking...
Program Size: Code=22032 RO-data=3656 RW-data=132 ZI-data=1668  
FromELF: creating hex file...
".\Output\IMU_AHRS.axf" - 0 Error(s), 0 Warning(s).
compiling i2c.c...
BSP\i2c.c - 0 Error(s), 0 Warning(s).
Build target 'IMU_AHRS'
linking...
Program Size: Code=22032 RO-data=3656 RW-data=132 ZI-data=1668  
FromELF: creating hex file...
".\Output\IMU_AHRS.axf" - 0 Error(s), 0 Warning(s).
Build target 'IMU_AHRS'
compiling i2c.c...
linking...
Program Size: Code=22032 RO-data=3656 RW-data=132 ZI-data=1668  
FromELF: creating hex file...
".\Output\IMU_AHRS.axf" - 0 Error(s), 0 Warning(s).
Load "C:\\Documents and Settings\\dsc\\桌面\\Aircraft\\Output\\IMU_AHRS.AXF" 
* JLink Info: Device "STM32F103T8" selected (64 KB flash, 20 KB RAM).
Set JLink Project File to "C:\Documents and Settings\dsc\桌面\Aircraft\JLinkSettings.ini"
 
JLink info:
------------
DLL: V4.35b, compiled Sep  2 2011 18:34:46
Firmware: J-Link ARM V8 compiled Jul 17 2013 11:24:15
Hardware: V8.00
S/N : 20100213 
Feature(s) : RDI,FlashDL,FlashBP,JFlash,GDBFULL 
 
* JLink Info: Found SWD-DP with ID 0x1BA01477
* JLink Info: TPIU fitted.
* JLink Info:   FPUnit: 6 code (BP) slots and 2 literal slots
* JLink Info: Found Cortex-M3 r1p1, Little endian.
ROMTableAddr = 0xE00FF003
* JLink Info: Found SWD-DP with ID 0x1BA01477
* JLink Info: TPIU fitted.
* JLink Info:   FPUnit: 6 code (BP) slots and 2 literal slots
* JLink Info: Found Cortex-M3 r1p1, Little endian.
 
Target info:
------------
Device: STM32F103T8
VTarget = 3.345V
State of Pins: 
TCK: 0, TDI: 0, TDO: 0, TMS: 1, TRES: 1, TRST: 1
Hardware-Breakpoints: 6
Software-Breakpoints: 8192
Watchpoints:          4
JTAG speed: 4000 kHz
 
Erase Done.
Programming Done.
Verify OK.
* JLink Info: Found SWD-DP with ID 0x1BA01477
* JLink Info: TPIU fitted.
* JLink Info:   FPUnit: 6 code (BP) slots and 2 literal slots
* JLink Info: Found Cortex-M3 r1p1, Little endian.
Application running ...
Build target 'IMU_AHRS'
compiling main.c...
.\BSP\i2c.h(46): error:  #147-D: declaration is incompatible with "void I2C_Init(I2C_TypeDef *, I2C_InitTypeDef *)" (declared at line 535 of ".\Lib\inc\stm32f10x_i2c.h")
compiling bsp.c...
BSP\i2c.h(46): error:  #147-D: declaration is incompatible with "void I2C_Init(I2C_TypeDef *, I2C_InitTypeDef *)" (declared at line 535 of ".\Lib\inc\stm32f10x_i2c.h")
compiling time.c...
.\BSP\i2c.h(46): error:  #147-D: declaration is incompatible with "void I2C_Init(I2C_TypeDef *, I2C_InitTypeDef *)" (declared at line 535 of ".\Lib\inc\stm32f10x_i2c.h")
compiling i2c.c...
BSP\i2c.h(46): error:  #147-D: declaration is incompatible with "void I2C_Init(I2C_TypeDef *, I2C_InitTypeDef *)" (declared at line 535 of ".\Lib\inc\stm32f10x_i2c.h")
compiling inv_mpu.c...
.\BSP\i2c.h(46): error:  #147-D: declaration is incompatible with "void I2C_Init(I2C_TypeDef *, I2C_InitTypeDef *)" (declared at line 535 of ".\Lib\inc\stm32f10x_i2c.h")
Target not created
compiling i2c.c...
BSP\i2c.h(46): error:  #147-D: declaration is incompatible with "void I2C_Init(I2C_TypeDef *, I2C_InitTypeDef *)" (declared at line 535 of ".\Lib\inc\stm32f10x_i2c.h")
BSP\i2c.c - 1 Error(s), 0 Warning(s).
compiling i2c.c...
BSP\i2c.c - 0 Error(s), 0 Warning(s).
Build target 'IMU_AHRS'
compiling main.c...
compiling bsp.c...
compiling time.c...
compiling inv_mpu.c...
linking...
Program Size: Code=22032 RO-data=3656 RW-data=132 ZI-data=1668  
FromELF: creating hex file...
".\Output\IMU_AHRS.axf" - 0 Error(s), 0 Warning(s).
Load "C:\\Documents and Settings\\dsc\\桌面\\Aircraft\\Output\\IMU_AHRS.AXF" 
* JLink Info: Device "STM32F103T8" selected (64 KB flash, 20 KB RAM).
Set JLink Project File to "C:\Documents and Settings\dsc\桌面\Aircraft\JLinkSettings.ini"
 
JLink info:
------------
DLL: V4.35b, compiled Sep  2 2011 18:34:46
Firmware: J-Link ARM V8 compiled Jul 17 2013 11:24:15
Hardware: V8.00
S/N : 20100213 
Feature(s) : RDI,FlashDL,FlashBP,JFlash,GDBFULL 
 
* JLink Info: Found SWD-DP with ID 0x1BA01477
* JLink Info: TPIU fitted.
* JLink Info:   FPUnit: 6 code (BP) slots and 2 literal slots
* JLink Info: Found Cortex-M3 r1p1, Little endian.
ROMTableAddr = 0xE00FF003
* JLink Info: Found SWD-DP with ID 0x1BA01477
* JLink Info: TPIU fitted.
* JLink Info:   FPUnit: 6 code (BP) slots and 2 literal slots
* JLink Info: Found Cortex-M3 r1p1, Little endian.
 
Target info:
------------
Device: STM32F103T8
VTarget = 3.345V
State of Pins: 
TCK: 0, TDI: 0, TDO: 0, TMS: 1, TRES: 1, TRST: 1
Hardware-Breakpoints: 6
Software-Breakpoints: 8192
Watchpoints:          4
JTAG speed: 4000 kHz
 
Erase Done.
Programming Done.
Verify OK.
* JLink Info: Found SWD-DP with ID 0x1BA01477
* JLink Info: TPIU fitted.
* JLink Info:   FPUnit: 6 code (BP) slots and 2 literal slots
* JLink Info: Found Cortex-M3 r1p1, Little endian.
Application running ...
Build target 'IMU_AHRS'
compiling main.c...
.\BSP\i2c.h(42): error:  #20: identifier "bool" is undefined
.\BSP\i2c.h(43): error:  #20: identifier "bool" is undefined
.\BSP\i2c.h(44): error:  #20: identifier "bool" is undefined
compiling bsp.c...
BSP\i2c.h(42): error:  #20: identifier "bool" is undefined
BSP\i2c.h(43): error:  #20: identifier "bool" is undefined
BSP\i2c.h(44): error:  #20: identifier "bool" is undefined
compiling time.c...
.\BSP\i2c.h(42): error:  #20: identifier "bool" is undefined
.\BSP\i2c.h(43): error:  #20: identifier "bool" is undefined
.\BSP\i2c.h(44): error:  #20: identifier "bool" is undefined
compiling i2c.c...
BSP\i2c.h(42): error:  #20: identifier "bool" is undefined
BSP\i2c.h(43): error:  #20: identifier "bool" is undefined
BSP\i2c.h(44): error:  #20: identifier "bool" is undefined
BSP\i2c.c(50): error:  #117: non-void function "I2C_Start" should return a value
BSP\i2c.c(54): error:  #117: non-void function "I2C_Start" should return a value
BSP\i2c.c(106): error:  #117: non-void function "I2C_WaitAck" should return a value
BSP\i2c.c(150): error:  #20: identifier "bool" is undefined
BSP\i2c.c(198): error:  #20: identifier "bool" is undefined
BSP\i2c.c(215): error:  #20: identifier "bool" is undefined
compiling inv_mpu.c...
.\BSP\i2c.h(42): error:  #20: identifier "bool" is undefined
.\BSP\i2c.h(43): error:  #20: identifier "bool" is undefined
.\BSP\i2c.h(44): error:  #20: identifier "bool" is undefined
Target not created
Build target 'IMU_AHRS'
compiling main.c...
compiling bsp.c...
compiling time.c...
compiling i2c.c...
BSP\i2c.c(50): error:  #117: non-void function "I2C_Start" should return a value
BSP\i2c.c(54): error:  #117: non-void function "I2C_Start" should return a value
BSP\i2c.c(106): error:  #117: non-void function "I2C_WaitAck" should return a value
BSP\i2c.c(150): error:  #20: identifier "bool" is undefined
BSP\i2c.c(198): error:  #20: identifier "bool" is undefined
BSP\i2c.c(215): error:  #20: identifier "bool" is undefined
compiling inv_mpu.c...
Target not created
Build target 'IMU_AHRS'
compiling i2c.c...
BSP\i2c.c(50): error:  #117: non-void function "I2C_Start" should return a value
BSP\i2c.c(54): error:  #117: non-void function "I2C_Start" should return a value
BSP\i2c.c(106): error:  #117: non-void function "I2C_WaitAck" should return a value
BSP\i2c.c(154): error:  #117: non-void function "i2cWriteBuffer" should return a value
BSP\i2c.c(158): error:  #117: non-void function "i2cWriteBuffer" should return a value
BSP\i2c.c(166): error:  #117: non-void function "i2cWriteBuffer" should return a value
BSP\i2c.c(201): error:  #117: non-void function "i2cWrite" should return a value
BSP\i2c.c(205): error:  #117: non-void function "i2cWrite" should return a value
BSP\i2c.c(218): error:  #117: non-void function "i2cRead" should return a value
BSP\i2c.c(222): error:  #117: non-void function "i2cRead" should return a value
Target not created
compiling i2c.c...
BSP\i2c.c(50): error:  #117: non-void function "I2C_Start" should return a value
BSP\i2c.c(54): error:  #117: non-void function "I2C_Start" should return a value
BSP\i2c.c(106): error:  #117: non-void function "I2C_WaitAck" should return a value
BSP\i2c.c(154): error:  #117: non-void function "i2cWriteBuffer" should return a value
BSP\i2c.c(158): error:  #117: non-void function "i2cWriteBuffer" should return a value
BSP\i2c.c(166): error:  #117: non-void function "i2cWriteBuffer" should return a value
BSP\i2c.c(201): error:  #117: non-void function "i2cWrite" should return a value
BSP\i2c.c(205): error:  #117: non-void function "i2cWrite" should return a value
BSP\i2c.c(218): error:  #117: non-void function "i2cRead" should return a value
BSP\i2c.c(222): error:  #117: non-void function "i2cRead" should return a value
BSP\i2c.c - 10 Error(s), 0 Warning(s).
Build target 'IMU_AHRS'
compiling main.c...
compiling bsp.c...
compiling time.c...
compiling i2c.c...
compiling inv_mpu.c...
linking...
Program Size: Code=22032 RO-data=3656 RW-data=132 ZI-data=1668  
FromELF: creating hex file...
".\Output\IMU_AHRS.axf" - 0 Error(s), 0 Warning(s).
Load "C:\\Documents and Settings\\dsc\\桌面\\Aircraft\\Output\\IMU_AHRS.AXF" 
* JLink Info: Device "STM32F103T8" selected (64 KB flash, 20 KB RAM).
Set JLink Project File to "C:\Documents and Settings\dsc\桌面\Aircraft\JLinkSettings.ini"
 
JLink info:
------------
DLL: V4.35b, compiled Sep  2 2011 18:34:46
Firmware: J-Link ARM V8 compiled Jul 17 2013 11:24:15
Hardware: V8.00
S/N : 20100213 
Feature(s) : RDI,FlashDL,FlashBP,JFlash,GDBFULL 
 
* JLink Info: Found SWD-DP with ID 0x1BA01477
* JLink Info: TPIU fitted.
* JLink Info:   FPUnit: 6 code (BP) slots and 2 literal slots
* JLink Info: Found Cortex-M3 r1p1, Little endian.
ROMTableAddr = 0xE00FF003
* JLink Info: Found SWD-DP with ID 0x1BA01477
* JLink Info: TPIU fitted.
* JLink Info:   FPUnit: 6 code (BP) slots and 2 literal slots
* JLink Info: Found Cortex-M3 r1p1, Little endian.
 
Target info:
------------
Device: STM32F103T8
VTarget = 3.345V
State of Pins: 
TCK: 0, TDI: 0, TDO: 0, TMS: 1, TRES: 1, TRST: 1
Hardware-Breakpoints: 6
Software-Breakpoints: 8192
Watchpoints:          4
JTAG speed: 4000 kHz
 
Erase Done.
Programming Done.
Verify OK.
* JLink Info: Found SWD-DP with ID 0x1BA01477
* JLink Info: TPIU fitted.
* JLink Info:   FPUnit: 6 code (BP) slots and 2 literal slots
* JLink Info: Found Cortex-M3 r1p1, Little endian.
Application running ...
compiling i2c.c...
BSP\i2c.c(48): warning:  #223-D: function "I2C_delay" declared implicitly
BSP\i2c.c(63): warning:  #223-D: function "I2C_delay" declared implicitly
BSP\i2c.c(75): warning:  #223-D: function "I2C_delay" declared implicitly
BSP\i2c.c(87): warning:  #223-D: function "I2C_delay" declared implicitly
BSP\i2c.c(99): warning:  #223-D: function "I2C_delay" declared implicitly
BSP\i2c.c(117): warning:  #223-D: function "I2C_delay" declared implicitly
BSP\i2c.c(139): warning:  #223-D: function "I2C_delay" declared implicitly
BSP\i2c.c(18): warning:  #177-D: function "I2c_delay" was declared but never referenced
BSP\i2c.c - 0 Error(s), 8 Warning(s).
compiling i2c.c...
BSP\i2c.c(48): warning:  #223-D: function "I2C_delay" declared implicitly
BSP\i2c.c(63): warning:  #223-D: function "I2C_delay" declared implicitly
BSP\i2c.c(75): warning:  #223-D: function "I2C_delay" declared implicitly
BSP\i2c.c(87): warning:  #223-D: function "I2C_delay" declared implicitly
BSP\i2c.c - 0 Error(s), 4 Warning(s).
compiling i2c.c...
BSP\i2c.c - 0 Error(s), 0 Warning(s).
Build target 'IMU_AHRS'
linking...
Program Size: Code=22032 RO-data=3656 RW-data=132 ZI-data=1668  
FromELF: creating hex file...
".\Output\IMU_AHRS.axf" - 0 Error(s), 0 Warning(s).
Load "C:\\Documents and Settings\\dsc\\桌面\\Aircraft\\Output\\IMU_AHRS.AXF" 
* JLink Info: Device "STM32F103T8" selected (64 KB flash, 20 KB RAM).
Set JLink Project File to "C:\Documents and Settings\dsc\桌面\Aircraft\JLinkSettings.ini"
 
JLink info:
------------
DLL: V4.35b, compiled Sep  2 2011 18:34:46
Firmware: J-Link ARM V8 compiled Jul 17 2013 11:24:15
Hardware: V8.00
S/N : 20100213 
Feature(s) : RDI,FlashDL,FlashBP,JFlash,GDBFULL 
 
* JLink Info: Found SWD-DP with ID 0x1BA01477
* JLink Info: TPIU fitted.
* JLink Info:   FPUnit: 6 code (BP) slots and 2 literal slots
* JLink Info: Found Cortex-M3 r1p1, Little endian.
ROMTableAddr = 0xE00FF003
* JLink Info: Found SWD-DP with ID 0x1BA01477
* JLink Info: TPIU fitted.
* JLink Info:   FPUnit: 6 code (BP) slots and 2 literal slots
* JLink Info: Found Cortex-M3 r1p1, Little endian.
 
Target info:
------------
Device: STM32F103T8
VTarget = 3.345V
State of Pins: 
TCK: 0, TDI: 0, TDO: 0, TMS: 1, TRES: 1, TRST: 1
Hardware-Breakpoints: 6
Software-Breakpoints: 8192
Watchpoints:          4
JTAG speed: 4000 kHz
 
Erase Done.
Programming Done.
Verify OK.
* JLink Info: Found SWD-DP with ID 0x1BA01477
* JLink Info: TPIU fitted.
* JLink Info:   FPUnit: 6 code (BP) slots and 2 literal slots
* JLink Info: Found Cortex-M3 r1p1, Little endian.
Application running ...
Build target 'IMU_AHRS'
compiling i2c.c...
linking...
Program Size: Code=22032 RO-data=3656 RW-data=132 ZI-data=1668  
FromELF: creating hex file...
".\Output\IMU_AHRS.axf" - 0 Error(s), 0 Warning(s).
Build target 'IMU_AHRS'
compiling i2c.c...
linking...
Program Size: Code=22032 RO-data=3656 RW-data=132 ZI-data=1668  
FromELF: creating hex file...
".\Output\IMU_AHRS.axf" - 0 Error(s), 0 Warning(s).
Build target 'IMU_AHRS'
compiling i2c.c...
linking...
Program Size: Code=22032 RO-data=3656 RW-data=132 ZI-data=1668  
FromELF: creating hex file...
".\Output\IMU_AHRS.axf" - 0 Error(s), 0 Warning(s).
Load "C:\\Documents and Settings\\dsc\\桌面\\Aircraft\\Output\\IMU_AHRS.AXF" 
* JLink Info: Device "STM32F103T8" selected (64 KB flash, 20 KB RAM).
Set JLink Project File to "C:\Documents and Settings\dsc\桌面\Aircraft\JLinkSettings.ini"
 
JLink info:
------------
DLL: V4.35b, compiled Sep  2 2011 18:34:46
Firmware: J-Link ARM V8 compiled Jul 17 2013 11:24:15
Hardware: V8.00
S/N : 20100213 
Feature(s) : RDI,FlashDL,FlashBP,JFlash,GDBFULL 
 
* JLink Info: Found SWD-DP with ID 0x1BA01477
* JLink Info: TPIU fitted.
* JLink Info:   FPUnit: 6 code (BP) slots and 2 literal slots
* JLink Info: Found Cortex-M3 r1p1, Little endian.
ROMTableAddr = 0xE00FF003
* JLink Info: Found SWD-DP with ID 0x1BA01477
* JLink Info: TPIU fitted.
* JLink Info:   FPUnit: 6 code (BP) slots and 2 literal slots
* JLink Info: Found Cortex-M3 r1p1, Little endian.
 
Target info:
------------
Device: STM32F103T8
VTarget = 3.345V
State of Pins: 
TCK: 0, TDI: 0, TDO: 0, TMS: 1, TRES: 1, TRST: 1
Hardware-Breakpoints: 6
Software-Breakpoints: 8192
Watchpoints:          4
JTAG speed: 4000 kHz
 
Erase Done.
Programming Done.
Verify OK.
* JLink Info: Found SWD-DP with ID 0x1BA01477
* JLink Info: TPIU fitted.
* JLink Info:   FPUnit: 6 code (BP) slots and 2 literal slots
* JLink Info: Found Cortex-M3 r1p1, Little endian.
Application running ...
compiling i2c.c...
BSP\i2c.c - 0 Error(s), 0 Warning(s).
Build target 'IMU_AHRS'
linking...
Program Size: Code=22032 RO-data=3656 RW-data=132 ZI-data=1668  
FromELF: creating hex file...
".\Output\IMU_AHRS.axf" - 0 Error(s), 0 Warning(s).
Load "C:\\Documents and Settings\\dsc\\桌面\\Aircraft\\Output\\IMU_AHRS.AXF" 
* JLink Info: Device "STM32F103T8" selected (64 KB flash, 20 KB RAM).
Set JLink Project File to "C:\Documents and Settings\dsc\桌面\Aircraft\JLinkSettings.ini"
 
JLink info:
------------
DLL: V4.35b, compiled Sep  2 2011 18:34:46
Firmware: J-Link ARM V8 compiled Jul 17 2013 11:24:15
Hardware: V8.00
S/N : 20100213 
Feature(s) : RDI,FlashDL,FlashBP,JFlash,GDBFULL 
 
* JLink Info: Found SWD-DP with ID 0x1BA01477
* JLink Info: TPIU fitted.
* JLink Info:   FPUnit: 6 code (BP) slots and 2 literal slots
* JLink Info: Found Cortex-M3 r1p1, Little endian.
ROMTableAddr = 0xE00FF003
* JLink Info: Found SWD-DP with ID 0x1BA01477
* JLink Info: TPIU fitted.
* JLink Info:   FPUnit: 6 code (BP) slots and 2 literal slots
* JLink Info: Found Cortex-M3 r1p1, Little endian.
 
Target info:
------------
Device: STM32F103T8
VTarget = 3.345V
State of Pins: 
TCK: 0, TDI: 0, TDO: 0, TMS: 1, TRES: 1, TRST: 1
Hardware-Breakpoints: 6
Software-Breakpoints: 8192
Watchpoints:          4
JTAG speed: 4000 kHz
 
Erase Done.
Programming Done.
Verify OK.
* JLink Info: Found SWD-DP with ID 0x1BA01477
* JLink Info: TPIU fitted.
* JLink Info:   FPUnit: 6 code (BP) slots and 2 literal slots
* JLink Info: Found Cortex-M3 r1p1, Little endian.
Application running ...
Build target 'IMU_AHRS'
compiling i2c.c...
linking...
Program Size: Code=22032 RO-data=3656 RW-data=132 ZI-data=1668  
FromELF: creating hex file...
".\Output\IMU_AHRS.axf" - 0 Error(s), 0 Warning(s).
Load "C:\\Documents and Settings\\dsc\\桌面\\Aircraft\\Output\\IMU_AHRS.AXF" 
* JLink Info: Device "STM32F103T8" selected (64 KB flash, 20 KB RAM).
Set JLink Project File to "C:\Documents and Settings\dsc\桌面\Aircraft\JLinkSettings.ini"
 
JLink info:
------------
DLL: V4.35b, compiled Sep  2 2011 18:34:46
Firmware: J-Link ARM V8 compiled Jul 17 2013 11:24:15
Hardware: V8.00
S/N : 20100213 
Feature(s) : RDI,FlashDL,FlashBP,JFlash,GDBFULL 
 
* JLink Info: Found SWD-DP with ID 0x1BA01477
* JLink Info: TPIU fitted.
* JLink Info:   FPUnit: 6 code (BP) slots and 2 literal slots
* JLink Info: Found Cortex-M3 r1p1, Little endian.
ROMTableAddr = 0xE00FF003
* JLink Info: Found SWD-DP with ID 0x1BA01477
* JLink Info: TPIU fitted.
* JLink Info:   FPUnit: 6 code (BP) slots and 2 literal slots
* JLink Info: Found Cortex-M3 r1p1, Little endian.
 
Target info:
------------
Device: STM32F103T8
VTarget = 3.345V
State of Pins: 
TCK: 0, TDI: 0, TDO: 0, TMS: 1, TRES: 1, TRST: 1
Hardware-Breakpoints: 6
Software-Breakpoints: 8192
Watchpoints:          4
JTAG speed: 4000 kHz
 
Erase Done.
Programming Done.
Verify OK.
* JLink Info: Found SWD-DP with ID 0x1BA01477
* JLink Info: TPIU fitted.
* JLink Info:   FPUnit: 6 code (BP) slots and 2 literal slots
* JLink Info: Found Cortex-M3 r1p1, Little endian.
Application running ...
compiling i2c.c...
BSP\i2c.c - 0 Error(s), 0 Warning(s).
Build target 'IMU_AHRS'
linking...
Program Size: Code=22032 RO-data=3656 RW-data=132 ZI-data=1668  
FromELF: creating hex file...
".\Output\IMU_AHRS.axf" - 0 Error(s), 0 Warning(s).
Build target 'IMU_AHRS'
compiling inv_mpu.c...
eMPL\inv_mpu.c(42): warning:  #47-D: incompatible redefinition of macro "MOTION_DRIVER_TARGET_STM32"
linking...
Program Size: Code=22032 RO-data=3656 RW-data=132 ZI-data=1668  
FromELF: creating hex file...
".\Output\IMU_AHRS.axf" - 0 Error(s), 1 Warning(s).
compiling inv_mpu.c...
eMPL\inv_mpu.c(42): warning:  #47-D: incompatible redefinition of macro "MOTION_DRIVER_TARGET_STM32"
eMPL\inv_mpu.c - 0 Error(s), 1 Warning(s).
Build target 'IMU_AHRS'
compiling core_cm3.c...
compiling system_stm32f10x.c...
compiling main.c...
compiling stm32f10x_it.c...
User_Src\stm32f10x_it.c(140): warning:  #9-D: nested comment is not allowed
compiling misc.c...
compiling stm32f10x_gpio.c...
compiling stm32f10x_rcc.c...
compiling stm32f10x_tim.c...
compiling stm32f10x_usart.c...
compiling stm32f10x_flash.c...
compiling bsp.c...
compiling time.c...
compiling LED.c...
compiling eeprom.c...
compiling MotorDriver.c...
compiling i2c.c...
compiling inv_mpu.c...
compiling inv_mpu_dmp_motion_driver.c...
eMPL\inv_mpu_dmp_motion_driver.c(29): warning:  #47-D: incompatible redefinition of macro "MOTION_DRIVER_TARGET_STM32"
linking...
Program Size: Code=22032 RO-data=3656 RW-data=132 ZI-data=1668  
FromELF: creating hex file...
".\Output\IMU_AHRS.axf" - 0 Error(s), 2 Warning(s).
Build target 'IMU_AHRS'
compiling inv_mpu.c...
compiling inv_mpu_dmp_motion_driver.c...
linking...
Program Size: Code=22032 RO-data=3656 RW-data=132 ZI-data=1668  
FromELF: creating hex file...
".\Output\IMU_AHRS.axf" - 0 Error(s), 0 Warning(s).
Load "C:\\Documents and Settings\\dsc\\桌面\\Aircraft\\Output\\IMU_AHRS.AXF" 
* JLink Info: Device "STM32F103T8" selected (64 KB flash, 20 KB RAM).
Set JLink Project File to "C:\Documents and Settings\dsc\桌面\Aircraft\JLinkSettings.ini"
 
JLink info:
------------
DLL: V4.35b, compiled Sep  2 2011 18:34:46
Firmware: J-Link ARM V8 compiled Jul 17 2013 11:24:15
Hardware: V8.00
S/N : 20100213 
Feature(s) : RDI,FlashDL,FlashBP,JFlash,GDBFULL 
 
* JLink Info: Found SWD-DP with ID 0x1BA01477
* JLink Info: TPIU fitted.
* JLink Info:   FPUnit: 6 code (BP) slots and 2 literal slots
* JLink Info: Found Cortex-M3 r1p1, Little endian.
ROMTableAddr = 0xE00FF003
* JLink Info: Found SWD-DP with ID 0x1BA01477
* JLink Info: TPIU fitted.
* JLink Info:   FPUnit: 6 code (BP) slots and 2 literal slots
* JLink Info: Found Cortex-M3 r1p1, Little endian.
 
Target info:
------------
Device: STM32F103T8
VTarget = 3.351V
State of Pins: 
TCK: 0, TDI: 0, TDO: 0, TMS: 1, TRES: 1, TRST: 1
Hardware-Breakpoints: 6
Software-Breakpoints: 8192
Watchpoints:          4
JTAG speed: 4000 kHz
 
Erase Done.
Programming Done.
Verify OK.
* JLink Info: Found SWD-DP with ID 0x1BA01477
* JLink Info: TPIU fitted.
* JLink Info:   FPUnit: 6 code (BP) slots and 2 literal slots
* JLink Info: Found Cortex-M3 r1p1, Little endian.
Application running ...
compiling inv_mpu.c...
eMPL\inv_mpu.c(561): error:  #65: expected a ";"
eMPL\inv_mpu.c(566): warning:  #12-D: parsing restarts here after previous syntax error
eMPL\inv_mpu.c(587): error:  #20: identifier "st" is undefined
eMPL\inv_mpu.c(620): error:  #20: identifier "st" is undefined
eMPL\inv_mpu.c(639): error:  #20: identifier "st" is undefined
eMPL\inv_mpu.c(641): error:  #20: identifier "st" is undefined
eMPL\inv_mpu.c(643): error:  #20: identifier "st" is undefined
eMPL\inv_mpu.c(665): error:  #20: identifier "st" is undefined
eMPL\inv_mpu.c(671): error:  #20: identifier "st" is undefined
eMPL\inv_mpu.c(676): error:  #20: identifier "st" is undefined
eMPL\inv_mpu.c(684): error:  #20: identifier "st" is undefined
eMPL\inv_mpu.c(686): error:  #20: identifier "st" is undefined
eMPL\inv_mpu.c(692): error:  #20: identifier "st" is undefined
eMPL\inv_mpu.c(701): error:  #20: identifier "st" is undefined
eMPL\inv_mpu.c(703): error:  #20: identifier "st" is undefined
eMPL\inv_mpu.c(725): error:  #20: identifier "st" is undefined
eMPL\inv_mpu.c(801): error:  #20: identifier "st" is undefined
eMPL\inv_mpu.c(803): error:  #20: identifier "st" is undefined
eMPL\inv_mpu.c(830): error:  #20: identifier "st" is undefined
eMPL\inv_mpu.c(860): error:  #20: identifier "st" is undefined
eMPL\inv_mpu.c(878): error:  #20: identifier "st" is undefined
eMPL\inv_mpu.c(881): error:  #20: identifier "st" is undefined
eMPL\inv_mpu.c(901): error:  #20: identifier "st" is undefined
eMPL\inv_mpu.c(904): error:  #20: identifier "st" is undefined
eMPL\inv_mpu.c(925): error:  #20: identifier "st" is undefined
eMPL\inv_mpu.c(928): error:  #20: identifier "st" is undefined
eMPL\inv_mpu.c(934): error:  #20: identifier "st" is undefined
eMPL\inv_mpu.c(957): error:  #20: identifier "st" is undefined
eMPL\inv_mpu.c(967): error:  #20: identifier "st" is undefined
eMPL\inv_mpu.c(985): error:  #20: identifier "st" is undefined
eMPL\inv_mpu.c(998): error:  #20: identifier "st" is undefined
eMPL\inv_mpu.c - 30 Error(s), 1 Warning(s).
compiling inv_mpu.c...
eMPL\inv_mpu.c - 0 Error(s), 0 Warning(s).
compiling inv_mpu.c...
eMPL\inv_mpu.c - 0 Error(s), 0 Warning(s).
Build target 'IMU_AHRS'
linking...
Program Size: Code=22032 RO-data=3656 RW-data=132 ZI-data=1668  
FromELF: creating hex file...
".\Output\IMU_AHRS.axf" - 0 Error(s), 0 Warning(s).
Load "C:\\Documents and Settings\\dsc\\桌面\\Aircraft\\Output\\IMU_AHRS.AXF" 
* JLink Info: Device "STM32F103T8" selected (64 KB flash, 20 KB RAM).
Set JLink Project File to "C:\Documents and Settings\dsc\桌面\Aircraft\JLinkSettings.ini"
 
JLink info:
------------
DLL: V4.35b, compiled Sep  2 2011 18:34:46
Firmware: J-Link ARM V8 compiled Jul 17 2013 11:24:15
Hardware: V8.00
S/N : 20100213 
Feature(s) : RDI,FlashDL,FlashBP,JFlash,GDBFULL 
 
* JLink Info: Found SWD-DP with ID 0x1BA01477
* JLink Info: TPIU fitted.
* JLink Info:   FPUnit: 6 code (BP) slots and 2 literal slots
* JLink Info: Found Cortex-M3 r1p1, Little endian.
ROMTableAddr = 0xE00FF003
* JLink Info: Found SWD-DP with ID 0x1BA01477
* JLink Info: TPIU fitted.
* JLink Info:   FPUnit: 6 code (BP) slots and 2 literal slots
* JLink Info: Found Cortex-M3 r1p1, Little endian.
 
Target info:
------------
Device: STM32F103T8
VTarget = 3.345V
State of Pins: 
TCK: 0, TDI: 0, TDO: 0, TMS: 1, TRES: 1, TRST: 1
Hardware-Breakpoints: 6
Software-Breakpoints: 8192
Watchpoints:          4
JTAG speed: 4000 kHz
 
Erase Done.
Programming Done.
Verify OK.
* JLink Info: Found SWD-DP with ID 0x1BA01477
* JLink Info: TPIU fitted.
* JLink Info:   FPUnit: 6 code (BP) slots and 2 literal slots
* JLink Info: Found Cortex-M3 r1p1, Little endian.
Application running ...
compiling inv_mpu.c...
eMPL\inv_mpu.c - 0 Error(s), 0 Warning(s).
Build target 'IMU_AHRS'
linking...
Program Size: Code=22032 RO-data=3656 RW-data=132 ZI-data=1668  
FromELF: creating hex file...
".\Output\IMU_AHRS.axf" - 0 Error(s), 0 Warning(s).
compiling inv_mpu.c...
eMPL\inv_mpu.c - 0 Error(s), 0 Warning(s).
Build target 'IMU_AHRS'
linking...
Program Size: Code=22032 RO-data=3656 RW-data=132 ZI-data=1668  
FromELF: creating hex file...
".\Output\IMU_AHRS.axf" - 0 Error(s), 0 Warning(s).
Load "C:\\Documents and Settings\\dsc\\桌面\\Aircraft\\Output\\IMU_AHRS.AXF" 
* JLink Info: Device "STM32F103T8" selected (64 KB flash, 20 KB RAM).
Set JLink Project File to "C:\Documents and Settings\dsc\桌面\Aircraft\JLinkSettings.ini"
 
JLink info:
------------
DLL: V4.35b, compiled Sep  2 2011 18:34:46
Firmware: J-Link ARM V8 compiled Jul 17 2013 11:24:15
Hardware: V8.00
S/N : 20100213 
Feature(s) : RDI,FlashDL,FlashBP,JFlash,GDBFULL 
 
* JLink Info: Found SWD-DP with ID 0x1BA01477
* JLink Info: TPIU fitted.
* JLink Info:   FPUnit: 6 code (BP) slots and 2 literal slots
* JLink Info: Found Cortex-M3 r1p1, Little endian.
ROMTableAddr = 0xE00FF003
* JLink Info: Found SWD-DP with ID 0x1BA01477
* JLink Info: TPIU fitted.
* JLink Info:   FPUnit: 6 code (BP) slots and 2 literal slots
* JLink Info: Found Cortex-M3 r1p1, Little endian.
 
Target info:
------------
Device: STM32F103T8
VTarget = 3.345V
State of Pins: 
TCK: 0, TDI: 0, TDO: 0, TMS: 1, TRES: 1, TRST: 1
Hardware-Breakpoints: 6
Software-Breakpoints: 8192
Watchpoints:          4
JTAG speed: 4000 kHz
 
Erase Done.
Programming Done.
Verify OK.
* JLink Info: Found SWD-DP with ID 0x1BA01477
* JLink Info: TPIU fitted.
* JLink Info:   FPUnit: 6 code (BP) slots and 2 literal slots
* JLink Info: Found Cortex-M3 r1p1, Little endian.
Application running ...
Build target 'IMU_AHRS'
compiling i2c.c...
linking...
Program Size: Code=22032 RO-data=3656 RW-data=132 ZI-data=1668  
FromELF: creating hex file...
".\Output\Aircraft.axf" - 0 Error(s), 0 Warning(s).
Clean started: Project: 'IMU_AHRS'
   deleting intermediate output files for target 'IMU_AHRS'
Build target 'IMU_AHRS'
compiling core_cm3.c...
compiling system_stm32f10x.c...
assembling startup_stm32f10x_md.s...
compiling main.c...
compiling stm32f10x_it.c...
User_Src\stm32f10x_it.c(140): warning:  #9-D: nested comment is not allowed
compiling misc.c...
compiling stm32f10x_gpio.c...
compiling stm32f10x_rcc.c...
compiling stm32f10x_tim.c...
compiling stm32f10x_usart.c...
compiling stm32f10x_flash.c...
compiling bsp.c...
compiling time.c...
compiling LED.c...
compiling eeprom.c...
compiling MotorDriver.c...
compiling i2c.c...
compiling inv_mpu.c...
compiling inv_mpu_dmp_motion_driver.c...
linking...
Program Size: Code=22032 RO-data=3656 RW-data=132 ZI-data=1668  
FromELF: creating hex file...
".\Output\Aircraft.axf" - 0 Error(s), 1 Warning(s).
compiling i2c.c...
BSP\i2c.c - 0 Error(s), 0 Warning(s).
Load "C:\\Documents and Settings\\dsc\\桌面\\Aircraft\\Output\\Aircraft.AXF" 
* JLink Info: Device "STM32F103T8" selected (64 KB flash, 20 KB RAM).
Set JLink Project File to "C:\Documents and Settings\dsc\桌面\Aircraft\JLinkSettings.ini"
 
JLink info:
------------
DLL: V4.35b, compiled Sep  2 2011 18:34:46
Firmware: J-Link ARM V8 compiled Jul 17 2013 11:24:15
Hardware: V8.00
S/N : 20100213 
Feature(s) : RDI,FlashDL,FlashBP,JFlash,GDBFULL 
 
* JLink Info: Found SWD-DP with ID 0x1BA01477
* JLink Info: TPIU fitted.
* JLink Info:   FPUnit: 6 code (BP) slots and 2 literal slots
* JLink Info: Found Cortex-M3 r1p1, Little endian.
ROMTableAddr = 0xE00FF003
* JLink Info: Found SWD-DP with ID 0x1BA01477
* JLink Info: TPIU fitted.
* JLink Info:   FPUnit: 6 code (BP) slots and 2 literal slots
* JLink Info: Found Cortex-M3 r1p1, Little endian.
 
Target info:
------------
Device: STM32F103T8
VTarget = 3.338V
State of Pins: 
TCK: 0, TDI: 0, TDO: 0, TMS: 1, TRES: 1, TRST: 1
Hardware-Breakpoints: 6
Software-Breakpoints: 8192
Watchpoints:          4
JTAG speed: 4000 kHz
 
Erase Done.
Programming Done.
Verify OK.
* JLink Info: Found SWD-DP with ID 0x1BA01477
* JLink Info: TPIU fitted.
* JLink Info:   FPUnit: 6 code (BP) slots and 2 literal slots
* JLink Info: Found Cortex-M3 r1p1, Little endian.
Application running ...
compiling mpu6050.c...
BSP\mpu6050.c(74): warning:  #223-D: function "IICreadBytes" declared implicitly
BSP\mpu6050.c(82): warning:  #223-D: function "IICwriteBytes" declared implicitly
BSP\mpu6050.c(85): warning:  #223-D: function "IICreadBytes" declared implicitly
BSP\mpu6050.c(103): warning:  #223-D: function "IICwriteBits" declared implicitly
BSP\mpu6050.c(113): warning:  #223-D: function "IICwriteBits" declared implicitly
BSP\mpu6050.c(122): warning:  #223-D: function "IICwriteBits" declared implicitly
BSP\mpu6050.c(133): warning:  #223-D: function "IICwriteBit" declared implicitly
BSP\mpu6050.c(142): warning:  #223-D: function "IICreadBytes" declared implicitly
BSP\mpu6050.c(171): warning:  #223-D: function "IICwriteBit" declared implicitly
BSP\mpu6050.c(182): warning:  #223-D: function "IICwriteBit" declared implicitly
BSP\mpu6050.c(246): warning:  #223-D: function "IICreadBytes" declared implicitly
BSP\mpu6050.c - 0 Error(s), 11 Warning(s).
compiling main.c...
User_Src\main.c - 0 Error(s), 0 Warning(s).
compiling main.c...
User_Src\main.c(42): error:  #70: incomplete type is not allowed
User_Src\main.c - 1 Error(s), 0 Warning(s).
compiling main.c...
User_Src\main.c - 0 Error(s), 0 Warning(s).
compiling main.c...
User_Src\main.c(34): error:  #70: incomplete type is not allowed
User_Src\main.c - 1 Error(s), 0 Warning(s).
compiling main.c...
User_Src\main.c - 0 Error(s), 0 Warning(s).
Build target 'IMU_AHRS'
linking...
.\Output\Aircraft.axf: Error: L6218E: Undefined symbol Get_Sen_Param_t (referred from mpu6050.o).
.\Output\Aircraft.axf: Error: L6218E: Undefined symbol IICreadBytes (referred from mpu6050.o).
.\Output\Aircraft.axf: Error: L6218E: Undefined symbol IICwriteBit (referred from mpu6050.o).
.\Output\Aircraft.axf: Error: L6218E: Undefined symbol IICwriteBits (referred from mpu6050.o).
.\Output\Aircraft.axf: Error: L6218E: Undefined symbol IICwriteBytes (referred from mpu6050.o).
Target not created
compiling main.c...
User_Src\main.c - 0 Error(s), 0 Warning(s).
compiling main.c...
User_Src\main.c - 0 Error(s), 0 Warning(s).
Build target 'IMU_AHRS'
compiling main.c...
User_Src\main.c(29): error:  #20: identifier "result" is undefined
User_Src\main.c(71): warning:  #223-D: function "inv_orientation_matrix_to_scalar" declared implicitly
User_Src\main.c(71): error:  #20: identifier "gyro_orientation" is undefined
User_Src\main.c(99): warning:  #223-D: function "run_self_test" declared implicitly
User_Src\main.c(133): error:  #20: identifier "q0" is undefined
User_Src\main.c(133): error:  #20: identifier "q30" is undefined
User_Src\main.c(134): error:  #20: identifier "q1" is undefined
User_Src\main.c(135): error:  #20: identifier "q2" is undefined
User_Src\main.c(136): error:  #20: identifier "q3" is undefined
User_Src\main.c(137): error:  #20: identifier "Pitchad" is undefined
User_Src\main.c(138): error:  #20: identifier "Roll" is undefined
User_Src\main.c(139): error:  #20: identifier "Yaw" is undefined
compiling bsp.c...
compiling time.c...
compiling mpu6050.c...
BSP\mpu6050.c(32): error:  #20: identifier "MPU6050_RawData" is undefined
BSP\mpu6050.c(52): warning:  #223-D: function "inv_row_2_scale" declared implicitly
BSP\mpu6050.c(60): error:  #159: declaration is incompatible with previous "inv_row_2_scale" (declared at line 52)
BSP\mpu6050.c(87): warning:  #223-D: function "mpu_run_self_test" declared implicitly
BSP\mpu6050.c(94): warning:  #223-D: function "mpu_get_gyro_sens" declared implicitly
BSP\mpu6050.c(98): warning:  #223-D: function "dmp_set_gyro_bias" declared implicitly
BSP\mpu6050.c(99): warning:  #223-D: function "mpu_get_accel_sens" declared implicitly
BSP\mpu6050.c(103): warning:  #223-D: function "dmp_set_accel_bias" declared implicitly
BSP\mpu6050.c(25): warning:  #177-D: variable "gyro_orientation" was declared but never referenced
BSP\mpu6050.c(38): warning:  #177-D: function "inv_orientation_matrix_to_scalar" was declared but never referenced
BSP\mpu6050.c(60): warning:  #177-D: function "inv_row_2_scale" was declared but never referenced
BSP\mpu6050.c(81): warning:  #177-D: function "run_self_test" was declared but never referenced
Target not created
compiling mpu6050.c...
BSP\mpu6050.c(32): error:  #20: identifier "MPU6050_RawData" is undefined
BSP\mpu6050.c(52): warning:  #223-D: function "inv_row_2_scale" declared implicitly
BSP\mpu6050.c(60): error:  #159: declaration is incompatible with previous "inv_row_2_scale" (declared at line 52)
BSP\mpu6050.c(87): warning:  #223-D: function "mpu_run_self_test" declared implicitly
BSP\mpu6050.c(94): warning:  #223-D: function "mpu_get_gyro_sens" declared implicitly
BSP\mpu6050.c(98): warning:  #223-D: function "dmp_set_gyro_bias" declared implicitly
BSP\mpu6050.c(99): warning:  #223-D: function "mpu_get_accel_sens" declared implicitly
BSP\mpu6050.c(103): warning:  #223-D: function "dmp_set_accel_bias" declared implicitly
BSP\mpu6050.c(113): warning:  #223-D: function "mpu_init" declared implicitly
BSP\mpu6050.c(115): warning:  #223-D: function "mpu_set_sensors" declared implicitly
BSP\mpu6050.c(115): error:  #20: identifier "INV_XYZ_GYRO" is undefined
BSP\mpu6050.c(115): error:  #20: identifier "INV_XYZ_ACCEL" is undefined
BSP\mpu6050.c(117): warning:  #223-D: function "mpu_configure_fifo" declared implicitly
BSP\mpu6050.c(119): warning:  #223-D: function "mpu_set_sample_rate" declared implicitly
BSP\mpu6050.c(121): warning:  #223-D: function "dmp_load_motion_driver_firmware" declared implicitly
BSP\mpu6050.c(25): warning:  #177-D: variable "gyro_orientation" was declared but never referenced
BSP\mpu6050.c(38): warning:  #177-D: function "inv_orientation_matrix_to_scalar" was declared but never referenced
BSP\mpu6050.c(60): warning:  #177-D: function "inv_row_2_scale" was declared but never referenced
BSP\mpu6050.c(81): warning:  #177-D: function "run_self_test" was declared but never referenced
BSP\mpu6050.c - 4 Error(s), 15 Warning(s).
compiling mpu6050.c...
BSP\mpu6050.c(32): error:  #20: identifier "MPU6050_RawData" is undefined
BSP\mpu6050.c(52): warning:  #223-D: function "inv_row_2_scale" declared implicitly
BSP\mpu6050.c(60): error:  #159: declaration is incompatible with previous "inv_row_2_scale" (declared at line 52)
BSP\mpu6050.c(87): warning:  #223-D: function "mpu_run_self_test" declared implicitly
BSP\mpu6050.c(94): warning:  #223-D: function "mpu_get_gyro_sens" declared implicitly
BSP\mpu6050.c(98): warning:  #223-D: function "dmp_set_gyro_bias" declared implicitly
BSP\mpu6050.c(99): warning:  #223-D: function "mpu_get_accel_sens" declared implicitly
BSP\mpu6050.c(103): warning:  #223-D: function "dmp_set_accel_bias" declared implicitly
BSP\mpu6050.c(113): warning:  #223-D: function "mpu_init" declared implicitly
BSP\mpu6050.c(115): warning:  #223-D: function "mpu_set_sensors" declared implicitly
BSP\mpu6050.c(115): error:  #20: identifier "INV_XYZ_GYRO" is undefined
BSP\mpu6050.c(115): error:  #20: identifier "INV_XYZ_ACCEL" is undefined
BSP\mpu6050.c(117): warning:  #223-D: function "mpu_configure_fifo" declared implicitly
BSP\mpu6050.c(119): warning:  #223-D: function "mpu_set_sample_rate" declared implicitly
BSP\mpu6050.c(121): warning:  #223-D: function "dmp_load_motion_driver_firmware" declared implicitly
BSP\mpu6050.c(123): warning:  #223-D: function "dmp_set_orientation" declared implicitly
BSP\mpu6050.c(125): warning:  #223-D: function "dmp_enable_feature" declared implicitly
BSP\mpu6050.c(125): error:  #20: identifier "DMP_FEATURE_6X_LP_QUAT" is undefined
BSP\mpu6050.c(125): error:  #20: identifier "DMP_FEATURE_TAP" is undefined
BSP\mpu6050.c(126): error:  #20: identifier "DMP_FEATURE_ANDROID_ORIENT" is undefined
BSP\mpu6050.c(126): error:  #20: identifier "DMP_FEATURE_SEND_RAW_ACCEL" is undefined
BSP\mpu6050.c(126): error:  #20: identifier "DMP_FEATURE_SEND_CAL_GYRO" is undefined
BSP\mpu6050.c(127): error:  #20: identifier "DMP_FEATURE_GYRO_CAL" is undefined
BSP\mpu6050.c(129): warning:  #223-D: function "dmp_set_fifo_rate" declared implicitly
BSP\mpu6050.c(60): warning:  #177-D: function "inv_row_2_scale" was declared but never referenced
BSP\mpu6050.c(81): warning:  #177-D: function "run_self_test" was declared but never referenced
BSP\mpu6050.c - 10 Error(s), 16 Warning(s).
compiling mpu6050.c...
BSP\mpu6050.c(32): error:  #20: identifier "MPU6050_RawData" is undefined
BSP\mpu6050.c(52): warning:  #223-D: function "inv_row_2_scale" declared implicitly
BSP\mpu6050.c(60): error:  #159: declaration is incompatible with previous "inv_row_2_scale" (declared at line 52)
BSP\mpu6050.c(87): warning:  #223-D: function "mpu_run_self_test" declared implicitly
BSP\mpu6050.c(94): warning:  #223-D: function "mpu_get_gyro_sens" declared implicitly
BSP\mpu6050.c(98): warning:  #223-D: function "dmp_set_gyro_bias" declared implicitly
BSP\mpu6050.c(99): warning:  #223-D: function "mpu_get_accel_sens" declared implicitly
BSP\mpu6050.c(103): warning:  #223-D: function "dmp_set_accel_bias" declared implicitly
BSP\mpu6050.c(113): warning:  #223-D: function "mpu_init" declared implicitly
BSP\mpu6050.c(115): warning:  #223-D: function "mpu_set_sensors" declared implicitly
BSP\mpu6050.c(115): error:  #20: identifier "INV_XYZ_GYRO" is undefined
BSP\mpu6050.c(115): error:  #20: identifier "INV_XYZ_ACCEL" is undefined
BSP\mpu6050.c(117): warning:  #223-D: function "mpu_configure_fifo" declared implicitly
BSP\mpu6050.c(119): warning:  #223-D: function "mpu_set_sample_rate" declared implicitly
BSP\mpu6050.c(121): warning:  #223-D: function "dmp_load_motion_driver_firmware" declared implicitly
BSP\mpu6050.c(123): warning:  #223-D: function "dmp_set_orientation" declared implicitly
BSP\mpu6050.c(125): warning:  #223-D: function "dmp_enable_feature" declared implicitly
BSP\mpu6050.c(125): error:  #20: identifier "DMP_FEATURE_6X_LP_QUAT" is undefined
BSP\mpu6050.c(125): error:  #20: identifier "DMP_FEATURE_TAP" is undefined
BSP\mpu6050.c(126): error:  #20: identifier "DMP_FEATURE_ANDROID_ORIENT" is undefined
BSP\mpu6050.c(126): error:  #20: identifier "DMP_FEATURE_SEND_RAW_ACCEL" is undefined
BSP\mpu6050.c(126): error:  #20: identifier "DMP_FEATURE_SEND_CAL_GYRO" is undefined
BSP\mpu6050.c(127): error:  #20: identifier "DMP_FEATURE_GYRO_CAL" is undefined
BSP\mpu6050.c(129): warning:  #223-D: function "dmp_set_fifo_rate" declared implicitly
BSP\mpu6050.c(131): warning:  #223-D: function "impu_set_dmp_state" declared implicitly
BSP\mpu6050.c(60): warning:  #177-D: function "inv_row_2_scale" was declared but never referenced
BSP\mpu6050.c - 10 Error(s), 16 Warning(s).
Build target 'IMU_AHRS'
compiling main.c...
User_Src\main.c(53): error:  #20: identifier "q0" is undefined
User_Src\main.c(53): error:  #20: identifier "q30" is undefined
User_Src\main.c(54): error:  #20: identifier "q1" is undefined
User_Src\main.c(55): error:  #20: identifier "q2" is undefined
User_Src\main.c(56): error:  #20: identifier "q3" is undefined
User_Src\main.c(57): error:  #20: identifier "Pitchad" is undefined
User_Src\main.c(58): error:  #20: identifier "Roll" is undefined
User_Src\main.c(59): error:  #20: identifier "Yaw" is undefined
compiling mpu6050.c...
BSP\mpu6050.c(32): error:  #20: identifier "MPU6050_RawData" is undefined
BSP\mpu6050.c(52): warning:  #223-D: function "inv_row_2_scale" declared implicitly
BSP\mpu6050.c(60): error:  #159: declaration is incompatible with previous "inv_row_2_scale" (declared at line 52)
BSP\mpu6050.c(87): warning:  #223-D: function "mpu_run_self_test" declared implicitly
BSP\mpu6050.c(94): warning:  #223-D: function "mpu_get_gyro_sens" declared implicitly
BSP\mpu6050.c(98): warning:  #223-D: function "dmp_set_gyro_bias" declared implicitly
BSP\mpu6050.c(99): warning:  #223-D: function "mpu_get_accel_sens" declared implicitly
BSP\mpu6050.c(103): warning:  #223-D: function "dmp_set_accel_bias" declared implicitly
BSP\mpu6050.c(113): warning:  #223-D: function "mpu_init" declared implicitly
BSP\mpu6050.c(115): warning:  #223-D: function "mpu_set_sensors" declared implicitly
BSP\mpu6050.c(115): error:  #20: identifier "INV_XYZ_GYRO" is undefined
BSP\mpu6050.c(115): error:  #20: identifier "INV_XYZ_ACCEL" is undefined
BSP\mpu6050.c(117): warning:  #223-D: function "mpu_configure_fifo" declared implicitly
BSP\mpu6050.c(119): warning:  #223-D: function "mpu_set_sample_rate" declared implicitly
BSP\mpu6050.c(121): warning:  #223-D: function "dmp_load_motion_driver_firmware" declared implicitly
BSP\mpu6050.c(123): warning:  #223-D: function "dmp_set_orientation" declared implicitly
BSP\mpu6050.c(125): warning:  #223-D: function "dmp_enable_feature" declared implicitly
BSP\mpu6050.c(125): error:  #20: identifier "DMP_FEATURE_6X_LP_QUAT" is undefined
BSP\mpu6050.c(125): error:  #20: identifier "DMP_FEATURE_TAP" is undefined
BSP\mpu6050.c(126): error:  #20: identifier "DMP_FEATURE_ANDROID_ORIENT" is undefined
BSP\mpu6050.c(126): error:  #20: identifier "DMP_FEATURE_SEND_RAW_ACCEL" is undefined
BSP\mpu6050.c(126): error:  #20: identifier "DMP_FEATURE_SEND_CAL_GYRO" is undefined
BSP\mpu6050.c(127): error:  #20: identifier "DMP_FEATURE_GYRO_CAL" is undefined
BSP\mpu6050.c(129): warning:  #223-D: function "dmp_set_fifo_rate" declared implicitly
BSP\mpu6050.c(131): warning:  #223-D: function "impu_set_dmp_state" declared implicitly
BSP\mpu6050.c(60): warning:  #177-D: function "inv_row_2_scale" was declared but never referenced
Target not created
Build target 'IMU_AHRS'
compiling main.c...
User_Src\main.c(53): error:  #20: identifier "q0" is undefined
User_Src\main.c(53): error:  #20: identifier "q30" is undefined
User_Src\main.c(54): error:  #20: identifier "q1" is undefined
User_Src\main.c(55): error:  #20: identifier "q2" is undefined
User_Src\main.c(56): error:  #20: identifier "q3" is undefined
User_Src\main.c(57): error:  #20: identifier "Pitchad" is undefined
User_Src\main.c(57): warning:  #223-D: function "asin" declared implicitly
User_Src\main.c(58): error:  #20: identifier "Roll" is undefined
User_Src\main.c(58): warning:  #223-D: function "atan2" declared implicitly
User_Src\main.c(59): error:  #20: identifier "Yaw" is undefined
compiling bsp.c...
compiling time.c...
compiling mpu6050.c...
BSP\mpu6050.c(32): error:  #20: identifier "MPU6050_RawData" is undefined
BSP\mpu6050.c(52): warning:  #223-D: function "inv_row_2_scale" declared implicitly
BSP\mpu6050.c(60): error:  #159: declaration is incompatible with previous "inv_row_2_scale" (declared at line 52)
BSP\mpu6050.c(131): warning:  #223-D: function "impu_set_dmp_state" declared implicitly
BSP\mpu6050.c(60): warning:  #177-D: function "inv_row_2_scale" was declared but never referenced
Target not created
compiling main.c...
User_Src\main.c(53): error:  #20: identifier "q0" is undefined
User_Src\main.c(53): error:  #20: identifier "q30" is undefined
User_Src\main.c(54): error:  #20: identifier "q1" is undefined
User_Src\main.c(55): error:  #20: identifier "q2" is undefined
User_Src\main.c(56): error:  #20: identifier "q3" is undefined
User_Src\main.c(57): error:  #20: identifier "Pitchad" is undefined
User_Src\main.c(57): warning:  #223-D: function "asin" declared implicitly
User_Src\main.c(58): error:  #20: identifier "Roll" is undefined
User_Src\main.c(58): warning:  #223-D: function "atan2" declared implicitly
User_Src\main.c(59): error:  #20: identifier "Yaw" is undefined
User_Src\main.c - 8 Error(s), 2 Warning(s).
Build target 'IMU_AHRS'
compiling main.c...
User_Src\main.c(60): error:  #20: identifier "Pitchad" is undefined
User_Src\main.c(60): warning:  #223-D: function "asin" declared implicitly
User_Src\main.c(61): error:  #20: identifier "Roll" is undefined
User_Src\main.c(61): warning:  #223-D: function "atan2" declared implicitly
User_Src\main.c(62): error:  #20: identifier "Yaw" is undefined
compiling mpu6050.c...
BSP\mpu6050.c(31): error:  #20: identifier "MPU6050_RawData" is undefined
BSP\mpu6050.c(51): warning:  #223-D: function "inv_row_2_scale" declared implicitly
BSP\mpu6050.c(59): error:  #159: declaration is incompatible with previous "inv_row_2_scale" (declared at line 51)
BSP\mpu6050.c(130): warning:  #223-D: function "impu_set_dmp_state" declared implicitly
BSP\mpu6050.c(59): warning:  #177-D: function "inv_row_2_scale" was declared but never referenced
Target not created
compiling main.c...
User_Src\main.c(62): warning:  #223-D: function "asin" declared implicitly
User_Src\main.c(63): warning:  #223-D: function "atan2" declared implicitly
User_Src\main.c - 0 Error(s), 2 Warning(s).
compiling main.c...
User_Src\main.c(62): warning:  #223-D: function "asin" declared implicitly
User_Src\main.c(63): warning:  #223-D: function "atan2" declared implicitly
User_Src\main.c - 0 Error(s), 2 Warning(s).
Build target 'IMU_AHRS'
compiling mpu6050.c...
BSP\mpu6050.c(28): error:  #20: identifier "MPU6050_RawData" is undefined
BSP\mpu6050.c(48): warning:  #223-D: function "inv_row_2_scale" declared implicitly
BSP\mpu6050.c(56): error:  #159: declaration is incompatible with previous "inv_row_2_scale" (declared at line 48)
BSP\mpu6050.c(127): warning:  #223-D: function "impu_set_dmp_state" declared implicitly
BSP\mpu6050.c(56): warning:  #177-D: function "inv_row_2_scale" was declared but never referenced
Target not created
compiling mpu6050.c...
BSP\mpu6050.c(42): warning:  #223-D: function "inv_row_2_scale" declared implicitly
BSP\mpu6050.c(50): error:  #159: declaration is incompatible with previous "inv_row_2_scale" (declared at line 42)
BSP\mpu6050.c(121): warning:  #223-D: function "impu_set_dmp_state" declared implicitly
BSP\mpu6050.c(50): warning:  #177-D: function "inv_row_2_scale" was declared but never referenced
BSP\mpu6050.c - 1 Error(s), 3 Warning(s).
Build target 'IMU_AHRS'
compiling mpu6050.c...
BSP\mpu6050.c(42): warning:  #223-D: function "inv_row_2_scale" declared implicitly
BSP\mpu6050.c(50): error:  #159: declaration is incompatible with previous "inv_row_2_scale" (declared at line 42)
BSP\mpu6050.c(121): warning:  #223-D: function "impu_set_dmp_state" declared implicitly
BSP\mpu6050.c(50): warning:  #177-D: function "inv_row_2_scale" was declared but never referenced
Target not created
Build target 'IMU_AHRS'
compiling mpu6050.c...
BSP\mpu6050.c(121): warning:  #223-D: function "impu_set_dmp_state" declared implicitly
linking...
.\Output\Aircraft.axf: Error: L6218E: Undefined symbol impu_set_dmp_state (referred from mpu6050.o).
Target not created
compiling mpu6050.c...
BSP\mpu6050.c(121): warning:  #223-D: function "impu_set_dmp_state" declared implicitly
BSP\mpu6050.c - 0 Error(s), 1 Warning(s).
Build target 'IMU_AHRS'
compiling mpu6050.c...
BSP\mpu6050.c(121): warning:  #223-D: function "impu_set_dmp_state" declared implicitly
linking...
.\Output\Aircraft.axf: Error: L6218E: Undefined symbol impu_set_dmp_state (referred from mpu6050.o).
Target not created
Build target 'IMU_AHRS'
compiling main.c...
User_Src\main.c(62): warning:  #223-D: function "asin" declared implicitly
User_Src\main.c(63): warning:  #223-D: function "atan2" declared implicitly
linking...
.\Output\Aircraft.axf: Error: L6218E: Undefined symbol impu_set_dmp_state (referred from mpu6050.o).
Target not created
Build target 'IMU_AHRS'
compiling main.c...
User_Src\main.c(62): warning:  #223-D: function "asin" declared implicitly
User_Src\main.c(63): warning:  #223-D: function "atan2" declared implicitly
linking...
.\Output\Aircraft.axf: Error: L6218E: Undefined symbol impu_set_dmp_state (referred from mpu6050.o).
Target not created
Build target 'IMU_AHRS'
compiling main.c...
linking...
.\Output\Aircraft.axf: Error: L6218E: Undefined symbol impu_set_dmp_state (referred from mpu6050.o).
Target not created
Build target 'IMU_AHRS'
linking...
.\Output\Aircraft.axf: Error: L6218E: Undefined symbol impu_set_dmp_state (referred from mpu6050.o).
Target not created
Build target 'IMU_AHRS'
compiling mpu6050.c...
linking...
Program Size: Code=12268 RO-data=588 RW-data=132 ZI-data=1684  
FromELF: creating hex file...
".\Output\Aircraft.axf" - 0 Error(s), 0 Warning(s).
Build target 'IMU_AHRS'
compiling core_cm3.c...
compiling system_stm32f10x.c...
assembling startup_stm32f10x_md.s...
compiling main.c...
compiling stm32f10x_it.c...
User_Src\stm32f10x_it.c(140): warning:  #9-D: nested comment is not allowed
compiling misc.c...
compiling stm32f10x_gpio.c...
compiling stm32f10x_rcc.c...
compiling stm32f10x_tim.c...
compiling stm32f10x_usart.c...
compiling stm32f10x_flash.c...
compiling bsp.c...
compiling time.c...
compiling LED.c...
compiling eeprom.c...
compiling MotorDriver.c...
compiling i2c.c...
compiling mpu6050.c...
compiling inv_mpu.c...
compiling inv_mpu_dmp_motion_driver.c...
linking...
Program Size: Code=12268 RO-data=588 RW-data=132 ZI-data=1684  
FromELF: creating hex file...
".\Output\Aircraft.axf" - 0 Error(s), 1 Warning(s).
Build target 'IMU_AHRS'
linking...
Program Size: Code=12268 RO-data=588 RW-data=132 ZI-data=1684  
FromELF: creating hex file...
".\Output\Aircraft.axf" - 0 Error(s), 0 Warning(s).
Load "C:\\Documents and Settings\\dsc\\桌面\\Aircraft\\Output\\Aircraft.AXF" 
* JLink Info: Device "STM32F103T8" selected (64 KB flash, 20 KB RAM).
Set JLink Project File to "C:\Documents and Settings\dsc\桌面\Aircraft\JLinkSettings.ini"
 
JLink info:
------------
DLL: V4.35b, compiled Sep  2 2011 18:34:46
Firmware: J-Link ARM V8 compiled Jul 17 2013 11:24:15
Hardware: V8.00
S/N : 20100213 
Feature(s) : RDI,FlashDL,FlashBP,JFlash,GDBFULL 
 
* JLink Info: Found SWD-DP with ID 0x1BA01477
* JLink Info: TPIU fitted.
* JLink Info:   FPUnit: 6 code (BP) slots and 2 literal slots
* JLink Info: Found Cortex-M3 r1p1, Little endian.
ROMTableAddr = 0xE00FF003
* JLink Info: Found SWD-DP with ID 0x1BA01477
* JLink Info: TPIU fitted.
* JLink Info:   FPUnit: 6 code (BP) slots and 2 literal slots
* JLink Info: Found Cortex-M3 r1p1, Little endian.
 
Target info:
------------
Device: STM32F103T8
VTarget = 3.345V
State of Pins: 
TCK: 0, TDI: 0, TDO: 0, TMS: 1, TRES: 1, TRST: 1
Hardware-Breakpoints: 6
Software-Breakpoints: 8192
Watchpoints:          4
JTAG speed: 4000 kHz
 
Erase Done.
Programming Done.
Verify OK.
* JLink Info: Found SWD-DP with ID 0x1BA01477
* JLink Info: TPIU fitted.
* JLink Info:   FPUnit: 6 code (BP) slots and 2 literal slots
* JLink Info: Found Cortex-M3 r1p1, Little endian.
Application running ...
Build target 'IMU_AHRS'
compiling main.c...
compiling bsp.c...
compiling time.c...
compiling mpu6050.c...
linking...
Program Size: Code=22060 RO-data=3652 RW-data=144 ZI-data=1680  
FromELF: creating hex file...
".\Output\Aircraft.axf" - 0 Error(s), 0 Warning(s).
Load "C:\\Documents and Settings\\dsc\\桌面\\Aircraft\\Output\\Aircraft.AXF" 
* JLink Info: Device "STM32F103T8" selected (64 KB flash, 20 KB RAM).
Set JLink Project File to "C:\Documents and Settings\dsc\桌面\Aircraft\JLinkSettings.ini"
 
JLink info:
------------
DLL: V4.35b, compiled Sep  2 2011 18:34:46
Firmware: J-Link ARM V8 compiled Jul 17 2013 11:24:15
Hardware: V8.00
S/N : 20100213 
Feature(s) : RDI,FlashDL,FlashBP,JFlash,GDBFULL 
 
* JLink Info: Found SWD-DP with ID 0x1BA01477
* JLink Info: TPIU fitted.
* JLink Info:   FPUnit: 6 code (BP) slots and 2 literal slots
* JLink Info: Found Cortex-M3 r1p1, Little endian.
ROMTableAddr = 0xE00FF003
* JLink Info: Found SWD-DP with ID 0x1BA01477
* JLink Info: TPIU fitted.
* JLink Info:   FPUnit: 6 code (BP) slots and 2 literal slots
* JLink Info: Found Cortex-M3 r1p1, Little endian.
 
Target info:
------------
Device: STM32F103T8
VTarget = 3.338V
State of Pins: 
TCK: 0, TDI: 0, TDO: 0, TMS: 1, TRES: 1, TRST: 1
Hardware-Breakpoints: 6
Software-Breakpoints: 8192
Watchpoints:          4
JTAG speed: 4000 kHz
 
Erase Done.
Programming Done.
Verify OK.
* JLink Info: Found SWD-DP with ID 0x1BA01477
* JLink Info: TPIU fitted.
* JLink Info:   FPUnit: 6 code (BP) slots and 2 literal slots
* JLink Info: Found Cortex-M3 r1p1, Little endian.
Application running ...
compiling mpu6050.c...
BSP\mpu6050.c - 0 Error(s), 0 Warning(s).
Load "C:\\Documents and Settings\\dsc\\桌面\\Aircraft\\Output\\Aircraft.AXF" 
* JLink Info: Device "STM32F103T8" selected (64 KB flash, 20 KB RAM).
Set JLink Project File to "C:\Documents and Settings\dsc\桌面\Aircraft\JLinkSettings.ini"
 
JLink info:
------------
DLL: V4.35b, compiled Sep  2 2011 18:34:46
Firmware: J-Link ARM V8 compiled Jul 17 2013 11:24:15
Hardware: V8.00
S/N : 20100213 
Feature(s) : RDI,FlashDL,FlashBP,JFlash,GDBFULL 
 
* JLink Info: Found SWD-DP with ID 0x1BA01477
* JLink Info: TPIU fitted.
* JLink Info:   FPUnit: 6 code (BP) slots and 2 literal slots
* JLink Info: Found Cortex-M3 r1p1, Little endian.
ROMTableAddr = 0xE00FF003
* JLink Info: Found SWD-DP with ID 0x1BA01477
* JLink Info: TPIU fitted.
* JLink Info:   FPUnit: 6 code (BP) slots and 2 literal slots
* JLink Info: Found Cortex-M3 r1p1, Little endian.
 
Target info:
------------
Device: STM32F103T8
VTarget = 3.338V
State of Pins: 
TCK: 0, TDI: 0, TDO: 0, TMS: 1, TRES: 1, TRST: 1
Hardware-Breakpoints: 6
Software-Breakpoints: 8192
Watchpoints:          4
JTAG speed: 4000 kHz
 
Erase Done.
Programming Done.
Verify OK.
* JLink Info: Found SWD-DP with ID 0x1BA01477
* JLink Info: TPIU fitted.
* JLink Info:   FPUnit: 6 code (BP) slots and 2 literal slots
* JLink Info: Found Cortex-M3 r1p1, Little endian.
Application running ...
Build target 'IMU_AHRS'
compiling mpu6050.c...
linking...
Program Size: Code=22064 RO-data=3656 RW-data=144 ZI-data=1680  
FromELF: creating hex file...
".\Output\Aircraft.axf" - 0 Error(s), 0 Warning(s).
Load "C:\\Documents and Settings\\dsc\\桌面\\Aircraft\\Output\\Aircraft.AXF" 
* JLink Info: Device "STM32F103T8" selected (64 KB flash, 20 KB RAM).
Set JLink Project File to "C:\Documents and Settings\dsc\桌面\Aircraft\JLinkSettings.ini"
 
JLink info:
------------
DLL: V4.35b, compiled Sep  2 2011 18:34:46
Firmware: J-Link ARM V8 compiled Jul 17 2013 11:24:15
Hardware: V8.00
S/N : 20100213 
Feature(s) : RDI,FlashDL,FlashBP,JFlash,GDBFULL 
 
* JLink Info: Found SWD-DP with ID 0x1BA01477
* JLink Info: TPIU fitted.
* JLink Info:   FPUnit: 6 code (BP) slots and 2 literal slots
* JLink Info: Found Cortex-M3 r1p1, Little endian.
ROMTableAddr = 0xE00FF003
* JLink Info: Found SWD-DP with ID 0x1BA01477
* JLink Info: TPIU fitted.
* JLink Info:   FPUnit: 6 code (BP) slots and 2 literal slots
* JLink Info: Found Cortex-M3 r1p1, Little endian.
 
Target info:
------------
Device: STM32F103T8
VTarget = 3.338V
State of Pins: 
TCK: 0, TDI: 0, TDO: 0, TMS: 1, TRES: 1, TRST: 1
Hardware-Breakpoints: 6
Software-Breakpoints: 8192
Watchpoints:          4
JTAG speed: 4000 kHz
 
Erase Done.
Programming Done.
Verify OK.
* JLink Info: Found SWD-DP with ID 0x1BA01477
* JLink Info: TPIU fitted.
* JLink Info:   FPUnit: 6 code (BP) slots and 2 literal slots
* JLink Info: Found Cortex-M3 r1p1, Little endian.
Application running ...
compiling mpu6050.c...
BSP\mpu6050.c - 0 Error(s), 0 Warning(s).
Build target 'IMU_AHRS'
linking...
Program Size: Code=22064 RO-data=3656 RW-data=144 ZI-data=1680  
FromELF: creating hex file...
".\Output\Aircraft.axf" - 0 Error(s), 0 Warning(s).
Build target 'IMU_AHRS'
compiling mpu6050.c...
linking...
Program Size: Code=22064 RO-data=3656 RW-data=144 ZI-data=1680  
FromELF: creating hex file...
".\Output\Aircraft.axf" - 0 Error(s), 0 Warning(s).
Build target 'IMU_AHRS'
compiling main.c...
compiling bsp.c...
compiling time.c...
compiling mpu6050.c...
linking...
Program Size: Code=22064 RO-data=3656 RW-data=144 ZI-data=1680  
FromELF: creating hex file...
".\Output\Aircraft.axf" - 0 Error(s), 0 Warning(s).
Build target 'IMU_AHRS'
compiling main.c...
compiling bsp.c...
compiling time.c...
compiling mpu6050.c...
linking...
Program Size: Code=22064 RO-data=3656 RW-data=144 ZI-data=1680  
FromELF: creating hex file...
".\Output\Aircraft.axf" - 0 Error(s), 0 Warning(s).
compiling time.c...
BSP\time.c - 0 Error(s), 0 Warning(s).
Build target 'IMU_AHRS'
compiling main.c...
compiling bsp.c...
linking...
Program Size: Code=22064 RO-data=3656 RW-data=144 ZI-data=1680  
FromELF: creating hex file...
".\Output\Aircraft.axf" - 0 Error(s), 0 Warning(s).
Build target 'IMU_AHRS'
linking...
Program Size: Code=22064 RO-data=3656 RW-data=144 ZI-data=1680  
FromELF: creating hex file...
".\Output\Aircraft.axf" - 0 Error(s), 0 Warning(s).
Build target 'IMU_AHRS'
linking...
Program Size: Code=22064 RO-data=3656 RW-data=144 ZI-data=1680  
FromELF: creating hex file...
".\Output\Aircraft.axf" - 0 Error(s), 0 Warning(s).
Load "C:\\Documents and Settings\\dsc\\桌面\\Aircraft\\Output\\Aircraft.AXF" 
* JLink Info: Device "STM32F103T8" selected (64 KB flash, 20 KB RAM).
Set JLink Project File to "C:\Documents and Settings\dsc\桌面\Aircraft\JLinkSettings.ini"
 
JLink info:
------------
DLL: V4.35b, compiled Sep  2 2011 18:34:46
Firmware: J-Link ARM V8 compiled Jul 17 2013 11:24:15
Hardware: V8.00
S/N : 20100213 
Feature(s) : RDI,FlashDL,FlashBP,JFlash,GDBFULL 
 
* JLink Info: Found SWD-DP with ID 0x1BA01477
* JLink Info: TPIU fitted.
* JLink Info:   FPUnit: 6 code (BP) slots and 2 literal slots
* JLink Info: Found Cortex-M3 r1p1, Little endian.
ROMTableAddr = 0xE00FF003
* JLink Info: Found SWD-DP with ID 0x1BA01477
* JLink Info: TPIU fitted.
* JLink Info:   FPUnit: 6 code (BP) slots and 2 literal slots
* JLink Info: Found Cortex-M3 r1p1, Little endian.
 
Target info:
------------
Device: STM32F103T8
VTarget = 3.351V
State of Pins: 
TCK: 0, TDI: 0, TDO: 0, TMS: 1, TRES: 1, TRST: 1
Hardware-Breakpoints: 6
Software-Breakpoints: 8192
Watchpoints:          4
JTAG speed: 4000 kHz
 
Erase Done.
Programming Done.
Verify OK.
* JLink Info: Found SWD-DP with ID 0x1BA01477
* JLink Info: TPIU fitted.
* JLink Info:   FPUnit: 6 code (BP) slots and 2 literal slots
* JLink Info: Found Cortex-M3 r1p1, Little endian.
Application running ...
Build target 'IMU_AHRS'
compiling mpu6050.c...
linking...
Program Size: Code=22064 RO-data=3656 RW-data=144 ZI-data=1680  
FromELF: creating hex file...
".\Output\Aircraft.axf" - 0 Error(s), 0 Warning(s).
Build target 'IMU_AHRS'
compiling mpu6050.c...
linking...
Program Size: Code=22064 RO-data=3656 RW-data=144 ZI-data=1680  
FromELF: creating hex file...
".\Output\Aircraft.axf" - 0 Error(s), 0 Warning(s).
compiling main.c...
User_Src\main.c - 0 Error(s), 0 Warning(s).
Build target 'IMU_AHRS'
compiling mpu6050.c...
linking...
Program Size: Code=22064 RO-data=3656 RW-data=144 ZI-data=1680  
FromELF: creating hex file...
".\Output\Aircraft.axf" - 0 Error(s), 0 Warning(s).
Build target 'IMU_AHRS'
compiling main.c...
User_Src\main.c(41): error:  #65: expected a ";"
User_Src\main.c(55): warning:  #12-D: parsing restarts here after previous syntax error
Target not created
Build target 'IMU_AHRS'
compiling main.c...
linking...
Program Size: Code=22064 RO-data=3656 RW-data=144 ZI-data=1680  
FromELF: creating hex file...
".\Output\Aircraft.axf" - 0 Error(s), 0 Warning(s).
Load "C:\\Documents and Settings\\dsc\\桌面\\Aircraft\\Output\\Aircraft.AXF" 
* JLink Info: Device "STM32F103T8" selected (64 KB flash, 20 KB RAM).
Set JLink Project File to "C:\Documents and Settings\dsc\桌面\Aircraft\JLinkSettings.ini"
 
JLink info:
------------
DLL: V4.35b, compiled Sep  2 2011 18:34:46
Firmware: J-Link ARM V8 compiled Jul 17 2013 11:24:15
Hardware: V8.00
S/N : 20100213 
Feature(s) : RDI,FlashDL,FlashBP,JFlash,GDBFULL 
 
* JLink Info: Found SWD-DP with ID 0x1BA01477
* JLink Info: TPIU fitted.
* JLink Info:   FPUnit: 6 code (BP) slots and 2 literal slots
* JLink Info: Found Cortex-M3 r1p1, Little endian.
ROMTableAddr = 0xE00FF003
* JLink Info: Found SWD-DP with ID 0x1BA01477
* JLink Info: TPIU fitted.
* JLink Info:   FPUnit: 6 code (BP) slots and 2 literal slots
* JLink Info: Found Cortex-M3 r1p1, Little endian.
 
Target info:
------------
Device: STM32F103T8
VTarget = 3.351V
State of Pins: 
TCK: 0, TDI: 0, TDO: 0, TMS: 1, TRES: 1, TRST: 1
Hardware-Breakpoints: 6
Software-Breakpoints: 8192
Watchpoints:          4
JTAG speed: 4000 kHz
 
Erase Done.
Programming Done.
Verify OK.
* JLink Info: Found SWD-DP with ID 0x1BA01477
* JLink Info: TPIU fitted.
* JLink Info:   FPUnit: 6 code (BP) slots and 2 literal slots
* JLink Info: Found Cortex-M3 r1p1, Little endian.
Application running ...
